<?xml version="1.0" encoding="UTF-8"?>
<testsuite xmlns:xsi="http://www.w3.org/2001/XMLSchema-instance" xsi:noNamespaceSchemaLocation="https://maven.apache.org/surefire/maven-surefire-plugin/xsd/surefire-test-report.xsd" name="com.handson.basic.StudentsControllerTest" time="5.904" tests="5" errors="0" skipped="0" failures="1">
  <properties>
[...]
</properties>
  <testcase name="checkSmsSent" classname="com.handson.basic.StudentsControllerTest" time="1.223">
    <failure message="&#10;Wanted but not invoked:&#10;smsService.send(&lt;any&gt;, &lt;any&gt;);&#10;-&gt; at com.handson.basic.StudentsControllerTest.checkSmsSent(StudentsControllerTest.java:76)&#10;Actually, there were zero interactions with this mock.&#10;" type="org.mockito.exceptions.verification.WantedButNotInvoked"><![CDATA[org.mockito.exceptions.verification.WantedButNotInvoked: 

Wanted but not invoked:
smsService.send(<any>, <any>);
-> at com.handson.basic.StudentsControllerTest.checkSmsSent(StudentsControllerTest.java:76)
Actually, there were zero interactions with this mock.

	at com.handson.basic.StudentsControllerTest.checkSmsSent(StudentsControllerTest.java:76)
]]></failure>
    <system-out><![CDATA[2022-12-26 20:50:08.006  INFO 145868 --- [           main] o.s.t.c.support.AbstractContextLoader    : Could not detect default resource locations for test class [com.handson.basic.StudentsControllerTest]: no resource found for suffixes {-context.xml, Context.groovy}.
2022-12-26 20:50:08.012  INFO 145868 --- [           main] .b.t.c.SpringBootTestContextBootstrapper : Loaded default TestExecutionListener class names from location [META-INF/spring.factories]: [org.springframework.boot.test.mock.mockito.MockitoTestExecutionListener, org.springframework.boot.test.mock.mockito.ResetMocksTestExecutionListener, org.springframework.boot.test.autoconfigure.restdocs.RestDocsTestExecutionListener, org.springframework.boot.test.autoconfigure.web.client.MockRestServiceServerResetTestExecutionListener, org.springframework.boot.test.autoconfigure.web.servlet.MockMvcPrintOnlyOnFailureTestExecutionListener, org.springframework.boot.test.autoconfigure.web.servlet.WebDriverTestExecutionListener, org.springframework.boot.test.autoconfigure.webservices.client.MockWebServiceServerTestExecutionListener, org.springframework.test.context.web.ServletTestExecutionListener, org.springframework.test.context.support.DirtiesContextBeforeModesTestExecutionListener, org.springframework.test.context.event.ApplicationEventsTestExecutionListener, org.springframework.test.context.support.DependencyInjectionTestExecutionListener, org.springframework.test.context.support.DirtiesContextTestExecutionListener, org.springframework.test.context.transaction.TransactionalTestExecutionListener, org.springframework.test.context.jdbc.SqlScriptsTestExecutionListener, org.springframework.test.context.event.EventPublishingTestExecutionListener]
2022-12-26 20:50:08.013  INFO 145868 --- [           main] .b.t.c.SpringBootTestContextBootstrapper : Using TestExecutionListeners: [org.springframework.test.context.web.ServletTestExecutionListener@f4cfc61, org.springframework.test.context.support.DirtiesContextBeforeModesTestExecutionListener@64d7737c, org.springframework.test.context.event.ApplicationEventsTestExecutionListener@b632594, org.springframework.boot.test.mock.mockito.MockitoTestExecutionListener@4c822e9b, org.springframework.boot.test.autoconfigure.SpringBootDependencyInjectionTestExecutionListener@24456c9e, org.springframework.test.context.support.DirtiesContextTestExecutionListener@7bd6a7f9, org.springframework.test.context.transaction.TransactionalTestExecutionListener@690b6292, org.springframework.test.context.jdbc.SqlScriptsTestExecutionListener@34207fde, org.springframework.test.context.event.EventPublishingTestExecutionListener@3b8ec458, org.springframework.boot.test.mock.mockito.ResetMocksTestExecutionListener@75a955bf, org.springframework.boot.test.autoconfigure.restdocs.RestDocsTestExecutionListener@4704b66a, org.springframework.boot.test.autoconfigure.web.client.MockRestServiceServerResetTestExecutionListener@70edffdb, org.springframework.boot.test.autoconfigure.web.servlet.MockMvcPrintOnlyOnFailureTestExecutionListener@3d8c499a, org.springframework.boot.test.autoconfigure.web.servlet.WebDriverTestExecutionListener@2b7e739, org.springframework.boot.test.autoconfigure.webservices.client.MockWebServiceServerTestExecutionListener@60e2b6e3]

  .   ____          _            __ _ _
 /\\ / ___'_ __ _ _(_)_ __  __ _ \ \ \ \
( ( )\___ | '_ | '_| | '_ \/ _` | \ \ \ \
 \\/  ___)| |_)| | | | | || (_| |  ) ) ) )
  '  |____| .__|_| |_|_| |_\__, | / / / /
 =========|_|==============|___/=/_/_/_/
 :: Spring Boot ::                (v2.5.2)

2022-12-26 20:50:08.079  INFO 145868 --- [           main] c.handson.basic.StudentsControllerTest   : Starting StudentsControllerTest using Java 11.0.15 on 211 with PID 145868 (started by root in /root/work/chana-basicSpring)
2022-12-26 20:50:08.079  INFO 145868 --- [           main] c.handson.basic.StudentsControllerTest   : The following profiles are active: test
2022-12-26 20:50:08.399  INFO 145868 --- [           main] .s.d.r.c.RepositoryConfigurationDelegate : Bootstrapping Spring Data JPA repositories in DEFAULT mode.
2022-12-26 20:50:08.410  INFO 145868 --- [           main] .s.d.r.c.RepositoryConfigurationDelegate : Finished Spring Data repository scanning in 9 ms. Found 3 JPA repository interfaces.
2022-12-26 20:50:08.491  INFO 145868 --- [           main] trationDelegate$BeanPostProcessorChecker : Bean 'org.springframework.security.access.expression.method.DefaultMethodSecurityExpressionHandler@381c78ea' of type [org.springframework.security.access.expression.method.DefaultMethodSecurityExpressionHandler] is not eligible for getting processed by all BeanPostProcessors (for example: not eligible for auto-proxying)
2022-12-26 20:50:08.499  INFO 145868 --- [           main] trationDelegate$BeanPostProcessorChecker : Bean 'methodSecurityMetadataSource' of type [org.springframework.security.access.method.DelegatingMethodSecurityMetadataSource] is not eligible for getting processed by all BeanPostProcessors (for example: not eligible for auto-proxying)
2022-12-26 20:50:08.562  INFO 145868 --- [           main] o.hibernate.jpa.internal.util.LogHelper  : HHH000204: Processing PersistenceUnitInfo [name: default]
2022-12-26 20:50:08.566  INFO 145868 --- [           main] com.zaxxer.hikari.HikariDataSource       : HikariPool-2 - Starting...
2022-12-26 20:50:08 database: opening /root/test (build 200)
2022-12-26 20:50:08 fileLock: load {}
2022-12-26 20:50:08 fileLock: save {method=file, id=1854fc54d9539c48584a80bd7a287339ae5a4390d14}
2022-12-26 20:50:08 fileLock: load {method=file, id=1854fc54d9539c48584a80bd7a287339ae5a4390d14}
2022-12-26 20:50:10 fileLock: save {server=0.0.0.211:43107, hostName=0.0.0.211, method=file, id=1854fc54d9539c48584a80bd7a287339ae5a4390d14}
2022-12-26 20:50:10 lock: 1 exclusive write lock requesting for SYS 
2022-12-26 20:50:10 lock: 1 exclusive write lock added for SYS 
2022-12-26 20:50:10 lock: 1 exclusive write lock unlock SYS 
2022-12-26 20:50:10 lock: 1 exclusive write lock requesting for SYS 
2022-12-26 20:50:10 lock: 1 exclusive write lock added for SYS 
2022-12-26 20:50:10 lock: 1 exclusive write lock unlock SYS 
2022-12-26 20:50:10 database: opened /root/test
2022-12-26 20:50:10 lock: 1 exclusive write lock requesting for SYS 
2022-12-26 20:50:10 lock: 1 exclusive write lock added for SYS 
2022-12-26 20:50:10 lock: 1 exclusive write lock unlock SYS 
2022-12-26 20:50:10 database: connecting session #3 to /root/test
2022-12-26 20:50:10 lock: 3 exclusive write lock requesting for SYS 
2022-12-26 20:50:10 lock: 3 exclusive write lock added for SYS 
2022-12-26 20:50:10 jdbc[3]: 
/*SQL */SET DB_CLOSE_DELAY -1;
2022-12-26 20:50:10 lock: 3 exclusive write lock unlock SYS 
2022-12-26 20:50:10 jdbc[3]: 
/*SQL */SET AUTO_SERVER TRUE;
2022-12-26 20:50:10 jdbc[3]: 
/*SQL */SET TRACE_LEVEL_SYSTEM_OUT 3;
2022-12-26 20:50:10 jdbc[3]: 
/*SQL */SET TRACE_LEVEL_FILE 3;
2022-12-26 20:50:10 lock: 3 exclusive write lock requesting for SYS 
2022-12-26 20:50:10 lock: 3 exclusive write lock added for SYS 
2022-12-26 20:50:10 jdbc[3]: 
/*SQL */SET IGNORECASE TRUE;
2022-12-26 20:50:10 lock: 3 exclusive write lock unlock SYS 
2022-12-26 20:50:10 jdbc[3]: 
/**/Connection conn1 = DriverManager.getConnection("jdbc:h2:~/test;DB_CLOSE_DELAY=-1;TRACE_LEVEL_FILE=3;TRACE_LEVEL_SYSTEM_OUT=3;IGNORECASE=TRUE;AUTO_SERVER=TRUE", "SA", "");
2022-12-26 20:50:10 jdbc[3]: 
/**/conn1.isReadOnly();
2022-12-26 20:50:10 jdbc[3]: 
/*SQL #:1*/CALL READONLY();
2022-12-26 20:50:10 jdbc[3]: 
/**/conn1.getAutoCommit();
2022-12-26 20:50:10 jdbc[3]: 
/**/conn1.isValid(1);
2022-12-26 20:50:10 jdbc[3]: 
/**/conn1.getTransactionIsolation();
2022-12-26 20:50:10 jdbc[3]: 
/**/conn1.getTransactionIsolation();
2022-12-26 20:50:10.856  INFO 145868 --- [           main] com.zaxxer.hikari.HikariDataSource       : HikariPool-2 - Start completed.
2022-12-26 20:50:10 jdbc[3]: 
/**/DatabaseMetaData dbMeta0 = conn1.getMetaData();
2022-12-26 20:50:10.859  INFO 145868 --- [           main] org.hibernate.dialect.Dialect            : HHH000400: Using dialect: org.hibernate.dialect.H2Dialect
2022-12-26 20:50:10 jdbc[3]: 
/**/dbMeta0.supportsCatalogsInTableDefinitions();
2022-12-26 20:50:10 jdbc[3]: 
/**/dbMeta0.supportsSchemasInTableDefinitions();
2022-12-26 20:50:10 jdbc[3]: 
/**/dbMeta0.storesLowerCaseIdentifiers();
2022-12-26 20:50:10 jdbc[3]: 
/**/PreparedStatement prep2 = conn1.prepareStatement("SELECT NAME, VALUE FROM INFORMATION_SCHEMA.SETTINGS WHERE NAME IN (?, ?, ?, ?)");
2022-12-26 20:50:10 jdbc[3]: Plan       : calculate cost for plan [SETTINGS:-7:org.h2.table.MetaTable@5a79e98e]
2022-12-26 20:50:10 jdbc[3]: Plan       :   for table filter SETTINGS:-7:org.h2.table.MetaTable@5a79e98e
2022-12-26 20:50:10 jdbc[3]: Table      :     potential plan item cost 10,000 index meta
2022-12-26 20:50:10 jdbc[3]: Plan       :   best plan item cost 9,900 index meta
2022-12-26 20:50:10 jdbc[3]: Plan       : plan cost 9,901
2022-12-26 20:50:10 jdbc[3]: 
/**/prep2.setString(1, "MODE");
2022-12-26 20:50:10 jdbc[3]: 
/**/prep2.setString(2, "DATABASE_TO_UPPER");
2022-12-26 20:50:10 jdbc[3]: 
/**/prep2.setString(3, "DATABASE_TO_LOWER");
2022-12-26 20:50:10 jdbc[3]: 
/**/prep2.setString(4, "CASE_INSENSITIVE_IDENTIFIERS");
2022-12-26 20:50:10 jdbc[3]: 
/**/ResultSet rs2 = prep2.executeQuery();
2022-12-26 20:50:10 jdbc[3]: 
/*SQL l:78 #:4 t:2*/SELECT NAME, VALUE FROM INFORMATION_SCHEMA.SETTINGS WHERE NAME IN (?, ?, ?, ?) {1: 'MODE', 2: 'DATABASE_TO_UPPER', 3: 'DATABASE_TO_LOWER', 4: 'CASE_INSENSITIVE_IDENTIFIERS'};
2022-12-26 20:50:10 jdbc[3]: 
/**/rs2.next();
2022-12-26 20:50:10 jdbc[3]: 
/**/rs2.getString(2);
2022-12-26 20:50:10 jdbc[3]: 
/**/rs2.getString(1);
2022-12-26 20:50:10 jdbc[3]: 
/**/rs2.next();
2022-12-26 20:50:10 jdbc[3]: 
/**/rs2.getString(2);
2022-12-26 20:50:10 jdbc[3]: 
/**/rs2.getString(1);
2022-12-26 20:50:10 jdbc[3]: 
/**/rs2.next();
2022-12-26 20:50:10 jdbc[3]: 
/**/rs2.getString(2);
2022-12-26 20:50:10 jdbc[3]: 
/**/rs2.getString(1);
2022-12-26 20:50:10 jdbc[3]: 
/**/rs2.next();
2022-12-26 20:50:10 jdbc[3]: 
/**/rs2.getString(2);
2022-12-26 20:50:10 jdbc[3]: 
/**/rs2.getString(1);
2022-12-26 20:50:10 jdbc[3]: 
/**/rs2.next();
2022-12-26 20:50:10 jdbc[3]: 
/**/prep2.close();
2022-12-26 20:50:10 jdbc[3]: 
/**/dbMeta0.storesUpperCaseIdentifiers();
2022-12-26 20:50:10 jdbc[3]: 
/**/dbMeta0.storesMixedCaseIdentifiers();
2022-12-26 20:50:10 jdbc[3]: 
/**/dbMeta0.storesUpperCaseIdentifiers();
2022-12-26 20:50:10 jdbc[3]: 
/**/dbMeta0.storesLowerCaseQuotedIdentifiers();
2022-12-26 20:50:10 jdbc[3]: 
/**/dbMeta0.storesUpperCaseQuotedIdentifiers();
2022-12-26 20:50:10 jdbc[3]: 
/**/dbMeta0.storesMixedCaseQuotedIdentifiers();
2022-12-26 20:50:10 jdbc[3]: 
/**/dbMeta0.getSQLKeywords();
2022-12-26 20:50:10 jdbc[3]: 
/**/conn1.getCatalog();
2022-12-26 20:50:10 jdbc[3]: 
/*SQL #:1*/CALL DATABASE();
2022-12-26 20:50:10 jdbc[3]: 
/**/dbMeta0.supportsNamedParameters();
2022-12-26 20:50:10 jdbc[3]: 
/**/dbMeta0.supportsResultSetType(1004);
2022-12-26 20:50:10 jdbc[3]: 
/**/dbMeta0.supportsGetGeneratedKeys();
2022-12-26 20:50:10 jdbc[3]: 
/**/dbMeta0.supportsBatchUpdates();
2022-12-26 20:50:10 jdbc[3]: 
/**/dbMeta0.dataDefinitionIgnoredInTransactions();
2022-12-26 20:50:10 jdbc[3]: 
/**/dbMeta0.dataDefinitionCausesTransactionCommit();
2022-12-26 20:50:10 jdbc[3]: 
/**/dbMeta0.getSQLKeywords();
2022-12-26 20:50:10 jdbc[3]: 
/**/dbMeta0.getSQLStateType();
2022-12-26 20:50:10 jdbc[3]: 
/**/dbMeta0.locatorsUpdateCopy();
2022-12-26 20:50:10 jdbc[3]: 
/**/dbMeta0.getTypeInfo();
2022-12-26 20:50:10 jdbc[3]: 
/**/PreparedStatement prep3 = conn1.prepareStatement("SELECT TYPE_NAME, DATA_TYPE, PRECISION, PREFIX LITERAL_PREFIX, SUFFIX LITERAL_SUFFIX, PARAMS CREATE_PARAMS, NULLABLE, CASE_SENSITIVE, SEARCHABLE, FALSE UNSIGNED_ATTRIBUTE, FALSE FIXED_PREC_SCALE, AUTO_INCREMENT, TYPE_NAME LOCAL_TYPE_NAME, MINIMUM_SCALE, MAXIMUM_SCALE, DATA_TYPE SQL_DATA_TYPE, ZERO() SQL_DATETIME_SUB, RADIX NUM_PREC_RADIX FROM INFORMATION_SCHEMA.TYPE_INFO ORDER BY DATA_TYPE, POS");
2022-12-26 20:50:10 jdbc[3]: Plan       : calculate cost for plan [TYPE_INFO:-5:org.h2.table.MetaTable@6e4dfd4d]
2022-12-26 20:50:10 jdbc[3]: Plan       :   for table filter TYPE_INFO:-5:org.h2.table.MetaTable@6e4dfd4d
2022-12-26 20:50:10 jdbc[3]: Table      :     potential plan item cost 10,000 index meta
2022-12-26 20:50:10 jdbc[3]: Plan       :   best plan item cost 10,000 index meta
2022-12-26 20:50:10 jdbc[3]: Plan       : plan cost 10,001
2022-12-26 20:50:10 jdbc[3]: 
/**/ResultSet rs3 = prep3.executeQuery();
2022-12-26 20:50:10 jdbc[3]: 
/*SQL #:46 t:1*/SELECT TYPE_NAME, DATA_TYPE, PRECISION, PREFIX LITERAL_PREFIX, SUFFIX LITERAL_SUFFIX, PARAMS CREATE_PARAMS, NULLABLE, CASE_SENSITIVE, SEARCHABLE, FALSE UNSIGNED_ATTRIBUTE, FALSE FIXED_PREC_SCALE, AUTO_INCREMENT, TYPE_NAME LOCAL_TYPE_NAME, MINIMUM_SCALE, MAXIMUM_SCALE, DATA_TYPE SQL_DATA_TYPE, ZERO() SQL_DATETIME_SUB, RADIX NUM_PREC_RADIX FROM INFORMATION_SCHEMA.TYPE_INFO ORDER BY DATA_TYPE, POS;
2022-12-26 20:50:10 jdbc[3]: 
/**/rs3.getStatement();
2022-12-26 20:50:10 jdbc[3]: 
/**/rs3.next();
2022-12-26 20:50:10 jdbc[3]: 
/**/rs3.getString("TYPE_NAME");
2022-12-26 20:50:10 jdbc[3]: 
/**/rs3.getInt("DATA_TYPE");
2022-12-26 20:50:10 jdbc[3]: 
/**/rs3.getString("CREATE_PARAMS");
2022-12-26 20:50:10 jdbc[3]: 
/**/rs3.getBoolean("UNSIGNED_ATTRIBUTE");
2022-12-26 20:50:10 jdbc[3]: 
/**/rs3.getInt("PRECISION");
2022-12-26 20:50:10 jdbc[3]: 
/**/rs3.getShort("MINIMUM_SCALE");
2022-12-26 20:50:10 jdbc[3]: 
/**/rs3.getShort("MAXIMUM_SCALE");
2022-12-26 20:50:10 jdbc[3]: 
/**/rs3.getBoolean("FIXED_PREC_SCALE");
2022-12-26 20:50:10 jdbc[3]: 
/**/rs3.getString("LITERAL_PREFIX");
2022-12-26 20:50:10 jdbc[3]: 
/**/rs3.getString("LITERAL_SUFFIX");
2022-12-26 20:50:10 jdbc[3]: 
/**/rs3.getBoolean("CASE_SENSITIVE");
2022-12-26 20:50:10 jdbc[3]: 
/**/rs3.getShort("SEARCHABLE");
2022-12-26 20:50:10 jdbc[3]: 
/**/rs3.getShort("NULLABLE");
2022-12-26 20:50:10 jdbc[3]: 
/**/rs3.next();
2022-12-26 20:50:10 jdbc[3]: 
/**/rs3.getString("TYPE_NAME");
2022-12-26 20:50:10 jdbc[3]: 
/**/rs3.getInt("DATA_TYPE");
2022-12-26 20:50:10 jdbc[3]: 
/**/rs3.getString("CREATE_PARAMS");
2022-12-26 20:50:10 jdbc[3]: 
/**/rs3.getBoolean("UNSIGNED_ATTRIBUTE");
2022-12-26 20:50:10 jdbc[3]: 
/**/rs3.getInt("PRECISION");
2022-12-26 20:50:10 jdbc[3]: 
/**/rs3.getShort("MINIMUM_SCALE");
2022-12-26 20:50:10 jdbc[3]: 
/**/rs3.getShort("MAXIMUM_SCALE");
2022-12-26 20:50:10 jdbc[3]: 
/**/rs3.getBoolean("FIXED_PREC_SCALE");
2022-12-26 20:50:10 jdbc[3]: 
/**/rs3.getString("LITERAL_PREFIX");
2022-12-26 20:50:10 jdbc[3]: 
/**/rs3.getString("LITERAL_SUFFIX");
2022-12-26 20:50:10 jdbc[3]: 
/**/rs3.getBoolean("CASE_SENSITIVE");
2022-12-26 20:50:10 jdbc[3]: 
/**/rs3.getShort("SEARCHABLE");
2022-12-26 20:50:10 jdbc[3]: 
/**/rs3.getShort("NULLABLE");
2022-12-26 20:50:10 jdbc[3]: 
/**/rs3.next();
2022-12-26 20:50:10 jdbc[3]: 
/**/rs3.getString("TYPE_NAME");
2022-12-26 20:50:10 jdbc[3]: 
/**/rs3.getInt("DATA_TYPE");
2022-12-26 20:50:10 jdbc[3]: 
/**/rs3.getString("CREATE_PARAMS");
2022-12-26 20:50:10 jdbc[3]: 
/**/rs3.getBoolean("UNSIGNED_ATTRIBUTE");
2022-12-26 20:50:10 jdbc[3]: 
/**/rs3.getInt("PRECISION");
2022-12-26 20:50:10 jdbc[3]: 
/**/rs3.getShort("MINIMUM_SCALE");
2022-12-26 20:50:10 jdbc[3]: 
/**/rs3.getShort("MAXIMUM_SCALE");
2022-12-26 20:50:10 jdbc[3]: 
/**/rs3.getBoolean("FIXED_PREC_SCALE");
2022-12-26 20:50:10 jdbc[3]: 
/**/rs3.getString("LITERAL_PREFIX");
2022-12-26 20:50:10 jdbc[3]: 
/**/rs3.getString("LITERAL_SUFFIX");
2022-12-26 20:50:10 jdbc[3]: 
/**/rs3.getBoolean("CASE_SENSITIVE");
2022-12-26 20:50:10 jdbc[3]: 
/**/rs3.getShort("SEARCHABLE");
2022-12-26 20:50:10 jdbc[3]: 
/**/rs3.getShort("NULLABLE");
2022-12-26 20:50:10 jdbc[3]: 
/**/rs3.next();
2022-12-26 20:50:10 jdbc[3]: 
/**/rs3.getString("TYPE_NAME");
2022-12-26 20:50:10 jdbc[3]: 
/**/rs3.getInt("DATA_TYPE");
2022-12-26 20:50:10 jdbc[3]: 
/**/rs3.getString("CREATE_PARAMS");
2022-12-26 20:50:10 jdbc[3]: 
/**/rs3.getBoolean("UNSIGNED_ATTRIBUTE");
2022-12-26 20:50:10 jdbc[3]: 
/**/rs3.getInt("PRECISION");
2022-12-26 20:50:10 jdbc[3]: 
/**/rs3.getShort("MINIMUM_SCALE");
2022-12-26 20:50:10 jdbc[3]: 
/**/rs3.getShort("MAXIMUM_SCALE");
2022-12-26 20:50:10 jdbc[3]: 
/**/rs3.getBoolean("FIXED_PREC_SCALE");
2022-12-26 20:50:10 jdbc[3]: 
/**/rs3.getString("LITERAL_PREFIX");
2022-12-26 20:50:10 jdbc[3]: 
/**/rs3.getString("LITERAL_SUFFIX");
2022-12-26 20:50:10 jdbc[3]: 
/**/rs3.getBoolean("CASE_SENSITIVE");
2022-12-26 20:50:10 jdbc[3]: 
/**/rs3.getShort("SEARCHABLE");
2022-12-26 20:50:10 jdbc[3]: 
/**/rs3.getShort("NULLABLE");
2022-12-26 20:50:10 jdbc[3]: 
/**/rs3.next();
2022-12-26 20:50:10 jdbc[3]: 
/**/rs3.getString("TYPE_NAME");
2022-12-26 20:50:10 jdbc[3]: 
/**/rs3.getInt("DATA_TYPE");
2022-12-26 20:50:10 jdbc[3]: 
/**/rs3.getString("CREATE_PARAMS");
2022-12-26 20:50:10 jdbc[3]: 
/**/rs3.getBoolean("UNSIGNED_ATTRIBUTE");
2022-12-26 20:50:10 jdbc[3]: 
/**/rs3.getInt("PRECISION");
2022-12-26 20:50:10 jdbc[3]: 
/**/rs3.getShort("MINIMUM_SCALE");
2022-12-26 20:50:10 jdbc[3]: 
/**/rs3.getShort("MAXIMUM_SCALE");
2022-12-26 20:50:10 jdbc[3]: 
/**/rs3.getBoolean("FIXED_PREC_SCALE");
2022-12-26 20:50:10 jdbc[3]: 
/**/rs3.getString("LITERAL_PREFIX");
2022-12-26 20:50:10 jdbc[3]: 
/**/rs3.getString("LITERAL_SUFFIX");
2022-12-26 20:50:10 jdbc[3]: 
/**/rs3.getBoolean("CASE_SENSITIVE");
2022-12-26 20:50:10 jdbc[3]: 
/**/rs3.getShort("SEARCHABLE");
2022-12-26 20:50:10 jdbc[3]: 
/**/rs3.getShort("NULLABLE");
2022-12-26 20:50:10 jdbc[3]: 
/**/rs3.next();
2022-12-26 20:50:10 jdbc[3]: 
/**/rs3.getString("TYPE_NAME");
2022-12-26 20:50:10 jdbc[3]: 
/**/rs3.getInt("DATA_TYPE");
2022-12-26 20:50:10 jdbc[3]: 
/**/rs3.getString("CREATE_PARAMS");
2022-12-26 20:50:10 jdbc[3]: 
/**/rs3.getBoolean("UNSIGNED_ATTRIBUTE");
2022-12-26 20:50:10 jdbc[3]: 
/**/rs3.getInt("PRECISION");
2022-12-26 20:50:10 jdbc[3]: 
/**/rs3.getShort("MINIMUM_SCALE");
2022-12-26 20:50:10 jdbc[3]: 
/**/rs3.getShort("MAXIMUM_SCALE");
2022-12-26 20:50:10 jdbc[3]: 
/**/rs3.getBoolean("FIXED_PREC_SCALE");
2022-12-26 20:50:10 jdbc[3]: 
/**/rs3.getString("LITERAL_PREFIX");
2022-12-26 20:50:10 jdbc[3]: 
/**/rs3.getString("LITERAL_SUFFIX");
2022-12-26 20:50:10 jdbc[3]: 
/**/rs3.getBoolean("CASE_SENSITIVE");
2022-12-26 20:50:10 jdbc[3]: 
/**/rs3.getShort("SEARCHABLE");
2022-12-26 20:50:10 jdbc[3]: 
/**/rs3.getShort("NULLABLE");
2022-12-26 20:50:10 jdbc[3]: 
/**/rs3.next();
2022-12-26 20:50:10 jdbc[3]: 
/**/rs3.getString("TYPE_NAME");
2022-12-26 20:50:10 jdbc[3]: 
/**/rs3.getInt("DATA_TYPE");
2022-12-26 20:50:10 jdbc[3]: 
/**/rs3.getString("CREATE_PARAMS");
2022-12-26 20:50:10 jdbc[3]: 
/**/rs3.getBoolean("UNSIGNED_ATTRIBUTE");
2022-12-26 20:50:10 jdbc[3]: 
/**/rs3.getInt("PRECISION");
2022-12-26 20:50:10 jdbc[3]: 
/**/rs3.getShort("MINIMUM_SCALE");
2022-12-26 20:50:10 jdbc[3]: 
/**/rs3.getShort("MAXIMUM_SCALE");
2022-12-26 20:50:10 jdbc[3]: 
/**/rs3.getBoolean("FIXED_PREC_SCALE");
2022-12-26 20:50:10 jdbc[3]: 
/**/rs3.getString("LITERAL_PREFIX");
2022-12-26 20:50:10 jdbc[3]: 
/**/rs3.getString("LITERAL_SUFFIX");
2022-12-26 20:50:10 jdbc[3]: 
/**/rs3.getBoolean("CASE_SENSITIVE");
2022-12-26 20:50:10 jdbc[3]: 
/**/rs3.getShort("SEARCHABLE");
2022-12-26 20:50:10 jdbc[3]: 
/**/rs3.getShort("NULLABLE");
2022-12-26 20:50:10 jdbc[3]: 
/**/rs3.next();
2022-12-26 20:50:10 jdbc[3]: 
/**/rs3.getString("TYPE_NAME");
2022-12-26 20:50:10 jdbc[3]: 
/**/rs3.getInt("DATA_TYPE");
2022-12-26 20:50:10 jdbc[3]: 
/**/rs3.getString("CREATE_PARAMS");
2022-12-26 20:50:10 jdbc[3]: 
/**/rs3.getBoolean("UNSIGNED_ATTRIBUTE");
2022-12-26 20:50:10 jdbc[3]: 
/**/rs3.getInt("PRECISION");
2022-12-26 20:50:10 jdbc[3]: 
/**/rs3.getShort("MINIMUM_SCALE");
2022-12-26 20:50:10 jdbc[3]: 
/**/rs3.getShort("MAXIMUM_SCALE");
2022-12-26 20:50:10 jdbc[3]: 
/**/rs3.getBoolean("FIXED_PREC_SCALE");
2022-12-26 20:50:10 jdbc[3]: 
/**/rs3.getString("LITERAL_PREFIX");
2022-12-26 20:50:10 jdbc[3]: 
/**/rs3.getString("LITERAL_SUFFIX");
2022-12-26 20:50:10 jdbc[3]: 
/**/rs3.getBoolean("CASE_SENSITIVE");
2022-12-26 20:50:10 jdbc[3]: 
/**/rs3.getShort("SEARCHABLE");
2022-12-26 20:50:10 jdbc[3]: 
/**/rs3.getShort("NULLABLE");
2022-12-26 20:50:10 jdbc[3]: 
/**/rs3.next();
2022-12-26 20:50:10 jdbc[3]: 
/**/rs3.getString("TYPE_NAME");
2022-12-26 20:50:10 jdbc[3]: 
/**/rs3.getInt("DATA_TYPE");
2022-12-26 20:50:10 jdbc[3]: 
/**/rs3.getString("CREATE_PARAMS");
2022-12-26 20:50:10 jdbc[3]: 
/**/rs3.getBoolean("UNSIGNED_ATTRIBUTE");
2022-12-26 20:50:10 jdbc[3]: 
/**/rs3.getInt("PRECISION");
2022-12-26 20:50:10 jdbc[3]: 
/**/rs3.getShort("MINIMUM_SCALE");
2022-12-26 20:50:10 jdbc[3]: 
/**/rs3.getShort("MAXIMUM_SCALE");
2022-12-26 20:50:10 jdbc[3]: 
/**/rs3.getBoolean("FIXED_PREC_SCALE");
2022-12-26 20:50:10 jdbc[3]: 
/**/rs3.getString("LITERAL_PREFIX");
2022-12-26 20:50:10 jdbc[3]: 
/**/rs3.getString("LITERAL_SUFFIX");
2022-12-26 20:50:10 jdbc[3]: 
/**/rs3.getBoolean("CASE_SENSITIVE");
2022-12-26 20:50:10 jdbc[3]: 
/**/rs3.getShort("SEARCHABLE");
2022-12-26 20:50:10 jdbc[3]: 
/**/rs3.getShort("NULLABLE");
2022-12-26 20:50:10 jdbc[3]: 
/**/rs3.next();
2022-12-26 20:50:10 jdbc[3]: 
/**/rs3.getString("TYPE_NAME");
2022-12-26 20:50:10 jdbc[3]: 
/**/rs3.getInt("DATA_TYPE");
2022-12-26 20:50:10 jdbc[3]: 
/**/rs3.getString("CREATE_PARAMS");
2022-12-26 20:50:10 jdbc[3]: 
/**/rs3.getBoolean("UNSIGNED_ATTRIBUTE");
2022-12-26 20:50:10 jdbc[3]: 
/**/rs3.getInt("PRECISION");
2022-12-26 20:50:10 jdbc[3]: 
/**/rs3.getShort("MINIMUM_SCALE");
2022-12-26 20:50:10 jdbc[3]: 
/**/rs3.getShort("MAXIMUM_SCALE");
2022-12-26 20:50:10 jdbc[3]: 
/**/rs3.getBoolean("FIXED_PREC_SCALE");
2022-12-26 20:50:10 jdbc[3]: 
/**/rs3.getString("LITERAL_PREFIX");
2022-12-26 20:50:10 jdbc[3]: 
/**/rs3.getString("LITERAL_SUFFIX");
2022-12-26 20:50:10 jdbc[3]: 
/**/rs3.getBoolean("CASE_SENSITIVE");
2022-12-26 20:50:10 jdbc[3]: 
/**/rs3.getShort("SEARCHABLE");
2022-12-26 20:50:10 jdbc[3]: 
/**/rs3.getShort("NULLABLE");
2022-12-26 20:50:10 jdbc[3]: 
/**/rs3.next();
2022-12-26 20:50:10 jdbc[3]: 
/**/rs3.getString("TYPE_NAME");
2022-12-26 20:50:10 jdbc[3]: 
/**/rs3.getInt("DATA_TYPE");
2022-12-26 20:50:10 jdbc[3]: 
/**/rs3.getString("CREATE_PARAMS");
2022-12-26 20:50:10 jdbc[3]: 
/**/rs3.getBoolean("UNSIGNED_ATTRIBUTE");
2022-12-26 20:50:10 jdbc[3]: 
/**/rs3.getInt("PRECISION");
2022-12-26 20:50:10 jdbc[3]: 
/**/rs3.getShort("MINIMUM_SCALE");
2022-12-26 20:50:10 jdbc[3]: 
/**/rs3.getShort("MAXIMUM_SCALE");
2022-12-26 20:50:10 jdbc[3]: 
/**/rs3.getBoolean("FIXED_PREC_SCALE");
2022-12-26 20:50:10 jdbc[3]: 
/**/rs3.getString("LITERAL_PREFIX");
2022-12-26 20:50:10 jdbc[3]: 
/**/rs3.getString("LITERAL_SUFFIX");
2022-12-26 20:50:10 jdbc[3]: 
/**/rs3.getBoolean("CASE_SENSITIVE");
2022-12-26 20:50:10 jdbc[3]: 
/**/rs3.getShort("SEARCHABLE");
2022-12-26 20:50:10 jdbc[3]: 
/**/rs3.getShort("NULLABLE");
2022-12-26 20:50:10 jdbc[3]: 
/**/rs3.next();
2022-12-26 20:50:10 jdbc[3]: 
/**/rs3.getString("TYPE_NAME");
2022-12-26 20:50:10 jdbc[3]: 
/**/rs3.getInt("DATA_TYPE");
2022-12-26 20:50:10 jdbc[3]: 
/**/rs3.getString("CREATE_PARAMS");
2022-12-26 20:50:10 jdbc[3]: 
/**/rs3.getBoolean("UNSIGNED_ATTRIBUTE");
2022-12-26 20:50:10 jdbc[3]: 
/**/rs3.getInt("PRECISION");
2022-12-26 20:50:10 jdbc[3]: 
/**/rs3.getShort("MINIMUM_SCALE");
2022-12-26 20:50:10 jdbc[3]: 
/**/rs3.getShort("MAXIMUM_SCALE");
2022-12-26 20:50:10 jdbc[3]: 
/**/rs3.getBoolean("FIXED_PREC_SCALE");
2022-12-26 20:50:10 jdbc[3]: 
/**/rs3.getString("LITERAL_PREFIX");
2022-12-26 20:50:10 jdbc[3]: 
/**/rs3.getString("LITERAL_SUFFIX");
2022-12-26 20:50:10 jdbc[3]: 
/**/rs3.getBoolean("CASE_SENSITIVE");
2022-12-26 20:50:10 jdbc[3]: 
/**/rs3.getShort("SEARCHABLE");
2022-12-26 20:50:10 jdbc[3]: 
/**/rs3.getShort("NULLABLE");
2022-12-26 20:50:10 jdbc[3]: 
/**/rs3.next();
2022-12-26 20:50:10 jdbc[3]: 
/**/rs3.getString("TYPE_NAME");
2022-12-26 20:50:10 jdbc[3]: 
/**/rs3.getInt("DATA_TYPE");
2022-12-26 20:50:10 jdbc[3]: 
/**/rs3.getString("CREATE_PARAMS");
2022-12-26 20:50:10 jdbc[3]: 
/**/rs3.getBoolean("UNSIGNED_ATTRIBUTE");
2022-12-26 20:50:10 jdbc[3]: 
/**/rs3.getInt("PRECISION");
2022-12-26 20:50:10 jdbc[3]: 
/**/rs3.getShort("MINIMUM_SCALE");
2022-12-26 20:50:10 jdbc[3]: 
/**/rs3.getShort("MAXIMUM_SCALE");
2022-12-26 20:50:10 jdbc[3]: 
/**/rs3.getBoolean("FIXED_PREC_SCALE");
2022-12-26 20:50:10 jdbc[3]: 
/**/rs3.getString("LITERAL_PREFIX");
2022-12-26 20:50:10 jdbc[3]: 
/**/rs3.getString("LITERAL_SUFFIX");
2022-12-26 20:50:10 jdbc[3]: 
/**/rs3.getBoolean("CASE_SENSITIVE");
2022-12-26 20:50:10 jdbc[3]: 
/**/rs3.getShort("SEARCHABLE");
2022-12-26 20:50:10 jdbc[3]: 
/**/rs3.getShort("NULLABLE");
2022-12-26 20:50:10 jdbc[3]: 
/**/rs3.next();
2022-12-26 20:50:10 jdbc[3]: 
/**/rs3.getString("TYPE_NAME");
2022-12-26 20:50:10 jdbc[3]: 
/**/rs3.getInt("DATA_TYPE");
2022-12-26 20:50:10 jdbc[3]: 
/**/rs3.getString("CREATE_PARAMS");
2022-12-26 20:50:10 jdbc[3]: 
/**/rs3.getBoolean("UNSIGNED_ATTRIBUTE");
2022-12-26 20:50:10 jdbc[3]: 
/**/rs3.getInt("PRECISION");
2022-12-26 20:50:10 jdbc[3]: 
/**/rs3.getShort("MINIMUM_SCALE");
2022-12-26 20:50:10 jdbc[3]: 
/**/rs3.getShort("MAXIMUM_SCALE");
2022-12-26 20:50:10 jdbc[3]: 
/**/rs3.getBoolean("FIXED_PREC_SCALE");
2022-12-26 20:50:10 jdbc[3]: 
/**/rs3.getString("LITERAL_PREFIX");
2022-12-26 20:50:10 jdbc[3]: 
/**/rs3.getString("LITERAL_SUFFIX");
2022-12-26 20:50:10 jdbc[3]: 
/**/rs3.getBoolean("CASE_SENSITIVE");
2022-12-26 20:50:10 jdbc[3]: 
/**/rs3.getShort("SEARCHABLE");
2022-12-26 20:50:10 jdbc[3]: 
/**/rs3.getShort("NULLABLE");
2022-12-26 20:50:10 jdbc[3]: 
/**/rs3.next();
2022-12-26 20:50:10 jdbc[3]: 
/**/rs3.getString("TYPE_NAME");
2022-12-26 20:50:10 jdbc[3]: 
/**/rs3.getInt("DATA_TYPE");
2022-12-26 20:50:10 jdbc[3]: 
/**/rs3.getString("CREATE_PARAMS");
2022-12-26 20:50:10 jdbc[3]: 
/**/rs3.getBoolean("UNSIGNED_ATTRIBUTE");
2022-12-26 20:50:10 jdbc[3]: 
/**/rs3.getInt("PRECISION");
2022-12-26 20:50:10 jdbc[3]: 
/**/rs3.getShort("MINIMUM_SCALE");
2022-12-26 20:50:10 jdbc[3]: 
/**/rs3.getShort("MAXIMUM_SCALE");
2022-12-26 20:50:10 jdbc[3]: 
/**/rs3.getBoolean("FIXED_PREC_SCALE");
2022-12-26 20:50:10 jdbc[3]: 
/**/rs3.getString("LITERAL_PREFIX");
2022-12-26 20:50:10 jdbc[3]: 
/**/rs3.getString("LITERAL_SUFFIX");
2022-12-26 20:50:10 jdbc[3]: 
/**/rs3.getBoolean("CASE_SENSITIVE");
2022-12-26 20:50:10 jdbc[3]: 
/**/rs3.getShort("SEARCHABLE");
2022-12-26 20:50:10 jdbc[3]: 
/**/rs3.getShort("NULLABLE");
2022-12-26 20:50:10 jdbc[3]: 
/**/rs3.next();
2022-12-26 20:50:10 jdbc[3]: 
/**/rs3.getString("TYPE_NAME");
2022-12-26 20:50:10 jdbc[3]: 
/**/rs3.getInt("DATA_TYPE");
2022-12-26 20:50:10 jdbc[3]: 
/**/rs3.getString("CREATE_PARAMS");
2022-12-26 20:50:10 jdbc[3]: 
/**/rs3.getBoolean("UNSIGNED_ATTRIBUTE");
2022-12-26 20:50:10 jdbc[3]: 
/**/rs3.getInt("PRECISION");
2022-12-26 20:50:10 jdbc[3]: 
/**/rs3.getShort("MINIMUM_SCALE");
2022-12-26 20:50:10 jdbc[3]: 
/**/rs3.getShort("MAXIMUM_SCALE");
2022-12-26 20:50:10 jdbc[3]: 
/**/rs3.getBoolean("FIXED_PREC_SCALE");
2022-12-26 20:50:10 jdbc[3]: 
/**/rs3.getString("LITERAL_PREFIX");
2022-12-26 20:50:10 jdbc[3]: 
/**/rs3.getString("LITERAL_SUFFIX");
2022-12-26 20:50:10 jdbc[3]: 
/**/rs3.getBoolean("CASE_SENSITIVE");
2022-12-26 20:50:10 jdbc[3]: 
/**/rs3.getShort("SEARCHABLE");
2022-12-26 20:50:10 jdbc[3]: 
/**/rs3.getShort("NULLABLE");
2022-12-26 20:50:10 jdbc[3]: 
/**/rs3.next();
2022-12-26 20:50:10 jdbc[3]: 
/**/rs3.getString("TYPE_NAME");
2022-12-26 20:50:10 jdbc[3]: 
/**/rs3.getInt("DATA_TYPE");
2022-12-26 20:50:10 jdbc[3]: 
/**/rs3.getString("CREATE_PARAMS");
2022-12-26 20:50:10 jdbc[3]: 
/**/rs3.getBoolean("UNSIGNED_ATTRIBUTE");
2022-12-26 20:50:10 jdbc[3]: 
/**/rs3.getInt("PRECISION");
2022-12-26 20:50:10 jdbc[3]: 
/**/rs3.getShort("MINIMUM_SCALE");
2022-12-26 20:50:10 jdbc[3]: 
/**/rs3.getShort("MAXIMUM_SCALE");
2022-12-26 20:50:10 jdbc[3]: 
/**/rs3.getBoolean("FIXED_PREC_SCALE");
2022-12-26 20:50:10 jdbc[3]: 
/**/rs3.getString("LITERAL_PREFIX");
2022-12-26 20:50:10 jdbc[3]: 
/**/rs3.getString("LITERAL_SUFFIX");
2022-12-26 20:50:10 jdbc[3]: 
/**/rs3.getBoolean("CASE_SENSITIVE");
2022-12-26 20:50:10 jdbc[3]: 
/**/rs3.getShort("SEARCHABLE");
2022-12-26 20:50:10 jdbc[3]: 
/**/rs3.getShort("NULLABLE");
2022-12-26 20:50:10 jdbc[3]: 
/**/rs3.next();
2022-12-26 20:50:10 jdbc[3]: 
/**/rs3.getString("TYPE_NAME");
2022-12-26 20:50:10 jdbc[3]: 
/**/rs3.getInt("DATA_TYPE");
2022-12-26 20:50:10 jdbc[3]: 
/**/rs3.getString("CREATE_PARAMS");
2022-12-26 20:50:10 jdbc[3]: 
/**/rs3.getBoolean("UNSIGNED_ATTRIBUTE");
2022-12-26 20:50:10 jdbc[3]: 
/**/rs3.getInt("PRECISION");
2022-12-26 20:50:10 jdbc[3]: 
/**/rs3.getShort("MINIMUM_SCALE");
2022-12-26 20:50:10 jdbc[3]: 
/**/rs3.getShort("MAXIMUM_SCALE");
2022-12-26 20:50:10 jdbc[3]: 
/**/rs3.getBoolean("FIXED_PREC_SCALE");
2022-12-26 20:50:10 jdbc[3]: 
/**/rs3.getString("LITERAL_PREFIX");
2022-12-26 20:50:10 jdbc[3]: 
/**/rs3.getString("LITERAL_SUFFIX");
2022-12-26 20:50:10 jdbc[3]: 
/**/rs3.getBoolean("CASE_SENSITIVE");
2022-12-26 20:50:10 jdbc[3]: 
/**/rs3.getShort("SEARCHABLE");
2022-12-26 20:50:10 jdbc[3]: 
/**/rs3.getShort("NULLABLE");
2022-12-26 20:50:10 jdbc[3]: 
/**/rs3.next();
2022-12-26 20:50:10 jdbc[3]: 
/**/rs3.getString("TYPE_NAME");
2022-12-26 20:50:10 jdbc[3]: 
/**/rs3.getInt("DATA_TYPE");
2022-12-26 20:50:10 jdbc[3]: 
/**/rs3.getString("CREATE_PARAMS");
2022-12-26 20:50:10 jdbc[3]: 
/**/rs3.getBoolean("UNSIGNED_ATTRIBUTE");
2022-12-26 20:50:10 jdbc[3]: 
/**/rs3.getInt("PRECISION");
2022-12-26 20:50:10 jdbc[3]: 
/**/rs3.getShort("MINIMUM_SCALE");
2022-12-26 20:50:10 jdbc[3]: 
/**/rs3.getShort("MAXIMUM_SCALE");
2022-12-26 20:50:10 jdbc[3]: 
/**/rs3.getBoolean("FIXED_PREC_SCALE");
2022-12-26 20:50:10 jdbc[3]: 
/**/rs3.getString("LITERAL_PREFIX");
2022-12-26 20:50:10 jdbc[3]: 
/**/rs3.getString("LITERAL_SUFFIX");
2022-12-26 20:50:10 jdbc[3]: 
/**/rs3.getBoolean("CASE_SENSITIVE");
2022-12-26 20:50:10 jdbc[3]: 
/**/rs3.getShort("SEARCHABLE");
2022-12-26 20:50:10 jdbc[3]: 
/**/rs3.getShort("NULLABLE");
2022-12-26 20:50:10 jdbc[3]: 
/**/rs3.next();
2022-12-26 20:50:10 jdbc[3]: 
/**/rs3.getString("TYPE_NAME");
2022-12-26 20:50:10 jdbc[3]: 
/**/rs3.getInt("DATA_TYPE");
2022-12-26 20:50:10 jdbc[3]: 
/**/rs3.getString("CREATE_PARAMS");
2022-12-26 20:50:10 jdbc[3]: 
/**/rs3.getBoolean("UNSIGNED_ATTRIBUTE");
2022-12-26 20:50:10 jdbc[3]: 
/**/rs3.getInt("PRECISION");
2022-12-26 20:50:10 jdbc[3]: 
/**/rs3.getShort("MINIMUM_SCALE");
2022-12-26 20:50:10 jdbc[3]: 
/**/rs3.getShort("MAXIMUM_SCALE");
2022-12-26 20:50:10 jdbc[3]: 
/**/rs3.getBoolean("FIXED_PREC_SCALE");
2022-12-26 20:50:10 jdbc[3]: 
/**/rs3.getString("LITERAL_PREFIX");
2022-12-26 20:50:10 jdbc[3]: 
/**/rs3.getString("LITERAL_SUFFIX");
2022-12-26 20:50:10 jdbc[3]: 
/**/rs3.getBoolean("CASE_SENSITIVE");
2022-12-26 20:50:10 jdbc[3]: 
/**/rs3.getShort("SEARCHABLE");
2022-12-26 20:50:10 jdbc[3]: 
/**/rs3.getShort("NULLABLE");
2022-12-26 20:50:10 jdbc[3]: 
/**/rs3.next();
2022-12-26 20:50:10 jdbc[3]: 
/**/rs3.getString("TYPE_NAME");
2022-12-26 20:50:10 jdbc[3]: 
/**/rs3.getInt("DATA_TYPE");
2022-12-26 20:50:10 jdbc[3]: 
/**/rs3.getString("CREATE_PARAMS");
2022-12-26 20:50:10 jdbc[3]: 
/**/rs3.getBoolean("UNSIGNED_ATTRIBUTE");
2022-12-26 20:50:10 jdbc[3]: 
/**/rs3.getInt("PRECISION");
2022-12-26 20:50:10 jdbc[3]: 
/**/rs3.getShort("MINIMUM_SCALE");
2022-12-26 20:50:10 jdbc[3]: 
/**/rs3.getShort("MAXIMUM_SCALE");
2022-12-26 20:50:10 jdbc[3]: 
/**/rs3.getBoolean("FIXED_PREC_SCALE");
2022-12-26 20:50:10 jdbc[3]: 
/**/rs3.getString("LITERAL_PREFIX");
2022-12-26 20:50:10 jdbc[3]: 
/**/rs3.getString("LITERAL_SUFFIX");
2022-12-26 20:50:10 jdbc[3]: 
/**/rs3.getBoolean("CASE_SENSITIVE");
2022-12-26 20:50:10 jdbc[3]: 
/**/rs3.getShort("SEARCHABLE");
2022-12-26 20:50:10 jdbc[3]: 
/**/rs3.getShort("NULLABLE");
2022-12-26 20:50:10 jdbc[3]: 
/**/rs3.next();
2022-12-26 20:50:10 jdbc[3]: 
/**/rs3.getString("TYPE_NAME");
2022-12-26 20:50:10 jdbc[3]: 
/**/rs3.getInt("DATA_TYPE");
2022-12-26 20:50:10 jdbc[3]: 
/**/rs3.getString("CREATE_PARAMS");
2022-12-26 20:50:10 jdbc[3]: 
/**/rs3.getBoolean("UNSIGNED_ATTRIBUTE");
2022-12-26 20:50:10 jdbc[3]: 
/**/rs3.getInt("PRECISION");
2022-12-26 20:50:10 jdbc[3]: 
/**/rs3.getShort("MINIMUM_SCALE");
2022-12-26 20:50:10 jdbc[3]: 
/**/rs3.getShort("MAXIMUM_SCALE");
2022-12-26 20:50:10 jdbc[3]: 
/**/rs3.getBoolean("FIXED_PREC_SCALE");
2022-12-26 20:50:10 jdbc[3]: 
/**/rs3.getString("LITERAL_PREFIX");
2022-12-26 20:50:10 jdbc[3]: 
/**/rs3.getString("LITERAL_SUFFIX");
2022-12-26 20:50:10 jdbc[3]: 
/**/rs3.getBoolean("CASE_SENSITIVE");
2022-12-26 20:50:10 jdbc[3]: 
/**/rs3.getShort("SEARCHABLE");
2022-12-26 20:50:10 jdbc[3]: 
/**/rs3.getShort("NULLABLE");
2022-12-26 20:50:10 jdbc[3]: 
/**/rs3.next();
2022-12-26 20:50:10 jdbc[3]: 
/**/rs3.getString("TYPE_NAME");
2022-12-26 20:50:10 jdbc[3]: 
/**/rs3.getInt("DATA_TYPE");
2022-12-26 20:50:10 jdbc[3]: 
/**/rs3.getString("CREATE_PARAMS");
2022-12-26 20:50:10 jdbc[3]: 
/**/rs3.getBoolean("UNSIGNED_ATTRIBUTE");
2022-12-26 20:50:10 jdbc[3]: 
/**/rs3.getInt("PRECISION");
2022-12-26 20:50:10 jdbc[3]: 
/**/rs3.getShort("MINIMUM_SCALE");
2022-12-26 20:50:10 jdbc[3]: 
/**/rs3.getShort("MAXIMUM_SCALE");
2022-12-26 20:50:10 jdbc[3]: 
/**/rs3.getBoolean("FIXED_PREC_SCALE");
2022-12-26 20:50:10 jdbc[3]: 
/**/rs3.getString("LITERAL_PREFIX");
2022-12-26 20:50:10 jdbc[3]: 
/**/rs3.getString("LITERAL_SUFFIX");
2022-12-26 20:50:10 jdbc[3]: 
/**/rs3.getBoolean("CASE_SENSITIVE");
2022-12-26 20:50:10 jdbc[3]: 
/**/rs3.getShort("SEARCHABLE");
2022-12-26 20:50:10 jdbc[3]: 
/**/rs3.getShort("NULLABLE");
2022-12-26 20:50:10 jdbc[3]: 
/**/rs3.next();
2022-12-26 20:50:10 jdbc[3]: 
/**/rs3.getString("TYPE_NAME");
2022-12-26 20:50:10 jdbc[3]: 
/**/rs3.getInt("DATA_TYPE");
2022-12-26 20:50:10 jdbc[3]: 
/**/rs3.getString("CREATE_PARAMS");
2022-12-26 20:50:10 jdbc[3]: 
/**/rs3.getBoolean("UNSIGNED_ATTRIBUTE");
2022-12-26 20:50:10 jdbc[3]: 
/**/rs3.getInt("PRECISION");
2022-12-26 20:50:10 jdbc[3]: 
/**/rs3.getShort("MINIMUM_SCALE");
2022-12-26 20:50:10 jdbc[3]: 
/**/rs3.getShort("MAXIMUM_SCALE");
2022-12-26 20:50:10 jdbc[3]: 
/**/rs3.getBoolean("FIXED_PREC_SCALE");
2022-12-26 20:50:10 jdbc[3]: 
/**/rs3.getString("LITERAL_PREFIX");
2022-12-26 20:50:10 jdbc[3]: 
/**/rs3.getString("LITERAL_SUFFIX");
2022-12-26 20:50:10 jdbc[3]: 
/**/rs3.getBoolean("CASE_SENSITIVE");
2022-12-26 20:50:10 jdbc[3]: 
/**/rs3.getShort("SEARCHABLE");
2022-12-26 20:50:10 jdbc[3]: 
/**/rs3.getShort("NULLABLE");
2022-12-26 20:50:10 jdbc[3]: 
/**/rs3.next();
2022-12-26 20:50:10 jdbc[3]: 
/**/rs3.getString("TYPE_NAME");
2022-12-26 20:50:10 jdbc[3]: 
/**/rs3.getInt("DATA_TYPE");
2022-12-26 20:50:10 jdbc[3]: 
/**/rs3.getString("CREATE_PARAMS");
2022-12-26 20:50:10 jdbc[3]: 
/**/rs3.getBoolean("UNSIGNED_ATTRIBUTE");
2022-12-26 20:50:10 jdbc[3]: 
/**/rs3.getInt("PRECISION");
2022-12-26 20:50:10 jdbc[3]: 
/**/rs3.getShort("MINIMUM_SCALE");
2022-12-26 20:50:10 jdbc[3]: 
/**/rs3.getShort("MAXIMUM_SCALE");
2022-12-26 20:50:10 jdbc[3]: 
/**/rs3.getBoolean("FIXED_PREC_SCALE");
2022-12-26 20:50:10 jdbc[3]: 
/**/rs3.getString("LITERAL_PREFIX");
2022-12-26 20:50:10 jdbc[3]: 
/**/rs3.getString("LITERAL_SUFFIX");
2022-12-26 20:50:10 jdbc[3]: 
/**/rs3.getBoolean("CASE_SENSITIVE");
2022-12-26 20:50:10 jdbc[3]: 
/**/rs3.getShort("SEARCHABLE");
2022-12-26 20:50:10 jdbc[3]: 
/**/rs3.getShort("NULLABLE");
2022-12-26 20:50:10 jdbc[3]: 
/**/rs3.next();
2022-12-26 20:50:10 jdbc[3]: 
/**/rs3.getString("TYPE_NAME");
2022-12-26 20:50:10 jdbc[3]: 
/**/rs3.getInt("DATA_TYPE");
2022-12-26 20:50:10 jdbc[3]: 
/**/rs3.getString("CREATE_PARAMS");
2022-12-26 20:50:10 jdbc[3]: 
/**/rs3.getBoolean("UNSIGNED_ATTRIBUTE");
2022-12-26 20:50:10 jdbc[3]: 
/**/rs3.getInt("PRECISION");
2022-12-26 20:50:10 jdbc[3]: 
/**/rs3.getShort("MINIMUM_SCALE");
2022-12-26 20:50:10 jdbc[3]: 
/**/rs3.getShort("MAXIMUM_SCALE");
2022-12-26 20:50:10 jdbc[3]: 
/**/rs3.getBoolean("FIXED_PREC_SCALE");
2022-12-26 20:50:10 jdbc[3]: 
/**/rs3.getString("LITERAL_PREFIX");
2022-12-26 20:50:10 jdbc[3]: 
/**/rs3.getString("LITERAL_SUFFIX");
2022-12-26 20:50:10 jdbc[3]: 
/**/rs3.getBoolean("CASE_SENSITIVE");
2022-12-26 20:50:10 jdbc[3]: 
/**/rs3.getShort("SEARCHABLE");
2022-12-26 20:50:10 jdbc[3]: 
/**/rs3.getShort("NULLABLE");
2022-12-26 20:50:10 jdbc[3]: 
/**/rs3.next();
2022-12-26 20:50:10 jdbc[3]: 
/**/rs3.getString("TYPE_NAME");
2022-12-26 20:50:10 jdbc[3]: 
/**/rs3.getInt("DATA_TYPE");
2022-12-26 20:50:10 jdbc[3]: 
/**/rs3.getString("CREATE_PARAMS");
2022-12-26 20:50:10 jdbc[3]: 
/**/rs3.getBoolean("UNSIGNED_ATTRIBUTE");
2022-12-26 20:50:10 jdbc[3]: 
/**/rs3.getInt("PRECISION");
2022-12-26 20:50:10 jdbc[3]: 
/**/rs3.getShort("MINIMUM_SCALE");
2022-12-26 20:50:10 jdbc[3]: 
/**/rs3.getShort("MAXIMUM_SCALE");
2022-12-26 20:50:10 jdbc[3]: 
/**/rs3.getBoolean("FIXED_PREC_SCALE");
2022-12-26 20:50:10 jdbc[3]: 
/**/rs3.getString("LITERAL_PREFIX");
2022-12-26 20:50:10 jdbc[3]: 
/**/rs3.getString("LITERAL_SUFFIX");
2022-12-26 20:50:10 jdbc[3]: 
/**/rs3.getBoolean("CASE_SENSITIVE");
2022-12-26 20:50:10 jdbc[3]: 
/**/rs3.getShort("SEARCHABLE");
2022-12-26 20:50:10 jdbc[3]: 
/**/rs3.getShort("NULLABLE");
2022-12-26 20:50:10 jdbc[3]: 
/**/rs3.next();
2022-12-26 20:50:10 jdbc[3]: 
/**/rs3.getString("TYPE_NAME");
2022-12-26 20:50:10 jdbc[3]: 
/**/rs3.getInt("DATA_TYPE");
2022-12-26 20:50:10 jdbc[3]: 
/**/rs3.getString("CREATE_PARAMS");
2022-12-26 20:50:10 jdbc[3]: 
/**/rs3.getBoolean("UNSIGNED_ATTRIBUTE");
2022-12-26 20:50:10 jdbc[3]: 
/**/rs3.getInt("PRECISION");
2022-12-26 20:50:10 jdbc[3]: 
/**/rs3.getShort("MINIMUM_SCALE");
2022-12-26 20:50:10 jdbc[3]: 
/**/rs3.getShort("MAXIMUM_SCALE");
2022-12-26 20:50:10 jdbc[3]: 
/**/rs3.getBoolean("FIXED_PREC_SCALE");
2022-12-26 20:50:10 jdbc[3]: 
/**/rs3.getString("LITERAL_PREFIX");
2022-12-26 20:50:10 jdbc[3]: 
/**/rs3.getString("LITERAL_SUFFIX");
2022-12-26 20:50:10 jdbc[3]: 
/**/rs3.getBoolean("CASE_SENSITIVE");
2022-12-26 20:50:10 jdbc[3]: 
/**/rs3.getShort("SEARCHABLE");
2022-12-26 20:50:10 jdbc[3]: 
/**/rs3.getShort("NULLABLE");
2022-12-26 20:50:10 jdbc[3]: 
/**/rs3.next();
2022-12-26 20:50:10 jdbc[3]: 
/**/rs3.getString("TYPE_NAME");
2022-12-26 20:50:10 jdbc[3]: 
/**/rs3.getInt("DATA_TYPE");
2022-12-26 20:50:10 jdbc[3]: 
/**/rs3.getString("CREATE_PARAMS");
2022-12-26 20:50:10 jdbc[3]: 
/**/rs3.getBoolean("UNSIGNED_ATTRIBUTE");
2022-12-26 20:50:10 jdbc[3]: 
/**/rs3.getInt("PRECISION");
2022-12-26 20:50:10 jdbc[3]: 
/**/rs3.getShort("MINIMUM_SCALE");
2022-12-26 20:50:10 jdbc[3]: 
/**/rs3.getShort("MAXIMUM_SCALE");
2022-12-26 20:50:10 jdbc[3]: 
/**/rs3.getBoolean("FIXED_PREC_SCALE");
2022-12-26 20:50:10 jdbc[3]: 
/**/rs3.getString("LITERAL_PREFIX");
2022-12-26 20:50:10 jdbc[3]: 
/**/rs3.getString("LITERAL_SUFFIX");
2022-12-26 20:50:10 jdbc[3]: 
/**/rs3.getBoolean("CASE_SENSITIVE");
2022-12-26 20:50:10 jdbc[3]: 
/**/rs3.getShort("SEARCHABLE");
2022-12-26 20:50:10 jdbc[3]: 
/**/rs3.getShort("NULLABLE");
2022-12-26 20:50:10 jdbc[3]: 
/**/rs3.next();
2022-12-26 20:50:10 jdbc[3]: 
/**/rs3.getString("TYPE_NAME");
2022-12-26 20:50:10 jdbc[3]: 
/**/rs3.getInt("DATA_TYPE");
2022-12-26 20:50:10 jdbc[3]: 
/**/rs3.getString("CREATE_PARAMS");
2022-12-26 20:50:10 jdbc[3]: 
/**/rs3.getBoolean("UNSIGNED_ATTRIBUTE");
2022-12-26 20:50:10 jdbc[3]: 
/**/rs3.getInt("PRECISION");
2022-12-26 20:50:10 jdbc[3]: 
/**/rs3.getShort("MINIMUM_SCALE");
2022-12-26 20:50:10 jdbc[3]: 
/**/rs3.getShort("MAXIMUM_SCALE");
2022-12-26 20:50:10 jdbc[3]: 
/**/rs3.getBoolean("FIXED_PREC_SCALE");
2022-12-26 20:50:10 jdbc[3]: 
/**/rs3.getString("LITERAL_PREFIX");
2022-12-26 20:50:10 jdbc[3]: 
/**/rs3.getString("LITERAL_SUFFIX");
2022-12-26 20:50:10 jdbc[3]: 
/**/rs3.getBoolean("CASE_SENSITIVE");
2022-12-26 20:50:10 jdbc[3]: 
/**/rs3.getShort("SEARCHABLE");
2022-12-26 20:50:10 jdbc[3]: 
/**/rs3.getShort("NULLABLE");
2022-12-26 20:50:10 jdbc[3]: 
/**/rs3.next();
2022-12-26 20:50:10 jdbc[3]: 
/**/rs3.getString("TYPE_NAME");
2022-12-26 20:50:10 jdbc[3]: 
/**/rs3.getInt("DATA_TYPE");
2022-12-26 20:50:10 jdbc[3]: 
/**/rs3.getString("CREATE_PARAMS");
2022-12-26 20:50:10 jdbc[3]: 
/**/rs3.getBoolean("UNSIGNED_ATTRIBUTE");
2022-12-26 20:50:10 jdbc[3]: 
/**/rs3.getInt("PRECISION");
2022-12-26 20:50:10 jdbc[3]: 
/**/rs3.getShort("MINIMUM_SCALE");
2022-12-26 20:50:10 jdbc[3]: 
/**/rs3.getShort("MAXIMUM_SCALE");
2022-12-26 20:50:10 jdbc[3]: 
/**/rs3.getBoolean("FIXED_PREC_SCALE");
2022-12-26 20:50:10 jdbc[3]: 
/**/rs3.getString("LITERAL_PREFIX");
2022-12-26 20:50:10 jdbc[3]: 
/**/rs3.getString("LITERAL_SUFFIX");
2022-12-26 20:50:10 jdbc[3]: 
/**/rs3.getBoolean("CASE_SENSITIVE");
2022-12-26 20:50:10 jdbc[3]: 
/**/rs3.getShort("SEARCHABLE");
2022-12-26 20:50:10 jdbc[3]: 
/**/rs3.getShort("NULLABLE");
2022-12-26 20:50:10 jdbc[3]: 
/**/rs3.next();
2022-12-26 20:50:10 jdbc[3]: 
/**/rs3.getString("TYPE_NAME");
2022-12-26 20:50:10 jdbc[3]: 
/**/rs3.getInt("DATA_TYPE");
2022-12-26 20:50:10 jdbc[3]: 
/**/rs3.getString("CREATE_PARAMS");
2022-12-26 20:50:10 jdbc[3]: 
/**/rs3.getBoolean("UNSIGNED_ATTRIBUTE");
2022-12-26 20:50:10 jdbc[3]: 
/**/rs3.getInt("PRECISION");
2022-12-26 20:50:10 jdbc[3]: 
/**/rs3.getShort("MINIMUM_SCALE");
2022-12-26 20:50:10 jdbc[3]: 
/**/rs3.getShort("MAXIMUM_SCALE");
2022-12-26 20:50:10 jdbc[3]: 
/**/rs3.getBoolean("FIXED_PREC_SCALE");
2022-12-26 20:50:10 jdbc[3]: 
/**/rs3.getString("LITERAL_PREFIX");
2022-12-26 20:50:10 jdbc[3]: 
/**/rs3.getString("LITERAL_SUFFIX");
2022-12-26 20:50:10 jdbc[3]: 
/**/rs3.getBoolean("CASE_SENSITIVE");
2022-12-26 20:50:10 jdbc[3]: 
/**/rs3.getShort("SEARCHABLE");
2022-12-26 20:50:10 jdbc[3]: 
/**/rs3.getShort("NULLABLE");
2022-12-26 20:50:10 jdbc[3]: 
/**/rs3.next();
2022-12-26 20:50:10 jdbc[3]: 
/**/rs3.getString("TYPE_NAME");
2022-12-26 20:50:10 jdbc[3]: 
/**/rs3.getInt("DATA_TYPE");
2022-12-26 20:50:10 jdbc[3]: 
/**/rs3.getString("CREATE_PARAMS");
2022-12-26 20:50:10 jdbc[3]: 
/**/rs3.getBoolean("UNSIGNED_ATTRIBUTE");
2022-12-26 20:50:10 jdbc[3]: 
/**/rs3.getInt("PRECISION");
2022-12-26 20:50:10 jdbc[3]: 
/**/rs3.getShort("MINIMUM_SCALE");
2022-12-26 20:50:10 jdbc[3]: 
/**/rs3.getShort("MAXIMUM_SCALE");
2022-12-26 20:50:10 jdbc[3]: 
/**/rs3.getBoolean("FIXED_PREC_SCALE");
2022-12-26 20:50:10 jdbc[3]: 
/**/rs3.getString("LITERAL_PREFIX");
2022-12-26 20:50:10 jdbc[3]: 
/**/rs3.getString("LITERAL_SUFFIX");
2022-12-26 20:50:10 jdbc[3]: 
/**/rs3.getBoolean("CASE_SENSITIVE");
2022-12-26 20:50:10 jdbc[3]: 
/**/rs3.getShort("SEARCHABLE");
2022-12-26 20:50:10 jdbc[3]: 
/**/rs3.getShort("NULLABLE");
2022-12-26 20:50:10 jdbc[3]: 
/**/rs3.next();
2022-12-26 20:50:10 jdbc[3]: 
/**/rs3.getString("TYPE_NAME");
2022-12-26 20:50:10 jdbc[3]: 
/**/rs3.getInt("DATA_TYPE");
2022-12-26 20:50:10 jdbc[3]: 
/**/rs3.getString("CREATE_PARAMS");
2022-12-26 20:50:10 jdbc[3]: 
/**/rs3.getBoolean("UNSIGNED_ATTRIBUTE");
2022-12-26 20:50:10 jdbc[3]: 
/**/rs3.getInt("PRECISION");
2022-12-26 20:50:10 jdbc[3]: 
/**/rs3.getShort("MINIMUM_SCALE");
2022-12-26 20:50:10 jdbc[3]: 
/**/rs3.getShort("MAXIMUM_SCALE");
2022-12-26 20:50:10 jdbc[3]: 
/**/rs3.getBoolean("FIXED_PREC_SCALE");
2022-12-26 20:50:10 jdbc[3]: 
/**/rs3.getString("LITERAL_PREFIX");
2022-12-26 20:50:10 jdbc[3]: 
/**/rs3.getString("LITERAL_SUFFIX");
2022-12-26 20:50:10 jdbc[3]: 
/**/rs3.getBoolean("CASE_SENSITIVE");
2022-12-26 20:50:10 jdbc[3]: 
/**/rs3.getShort("SEARCHABLE");
2022-12-26 20:50:10 jdbc[3]: 
/**/rs3.getShort("NULLABLE");
2022-12-26 20:50:10 jdbc[3]: 
/**/rs3.next();
2022-12-26 20:50:10 jdbc[3]: 
/**/rs3.getString("TYPE_NAME");
2022-12-26 20:50:10 jdbc[3]: 
/**/rs3.getInt("DATA_TYPE");
2022-12-26 20:50:10 jdbc[3]: 
/**/rs3.getString("CREATE_PARAMS");
2022-12-26 20:50:10 jdbc[3]: 
/**/rs3.getBoolean("UNSIGNED_ATTRIBUTE");
2022-12-26 20:50:10 jdbc[3]: 
/**/rs3.getInt("PRECISION");
2022-12-26 20:50:10 jdbc[3]: 
/**/rs3.getShort("MINIMUM_SCALE");
2022-12-26 20:50:10 jdbc[3]: 
/**/rs3.getShort("MAXIMUM_SCALE");
2022-12-26 20:50:10 jdbc[3]: 
/**/rs3.getBoolean("FIXED_PREC_SCALE");
2022-12-26 20:50:10 jdbc[3]: 
/**/rs3.getString("LITERAL_PREFIX");
2022-12-26 20:50:10 jdbc[3]: 
/**/rs3.getString("LITERAL_SUFFIX");
2022-12-26 20:50:10 jdbc[3]: 
/**/rs3.getBoolean("CASE_SENSITIVE");
2022-12-26 20:50:10 jdbc[3]: 
/**/rs3.getShort("SEARCHABLE");
2022-12-26 20:50:10 jdbc[3]: 
/**/rs3.getShort("NULLABLE");
2022-12-26 20:50:10 jdbc[3]: 
/**/rs3.next();
2022-12-26 20:50:10 jdbc[3]: 
/**/rs3.getString("TYPE_NAME");
2022-12-26 20:50:10 jdbc[3]: 
/**/rs3.getInt("DATA_TYPE");
2022-12-26 20:50:10 jdbc[3]: 
/**/rs3.getString("CREATE_PARAMS");
2022-12-26 20:50:10 jdbc[3]: 
/**/rs3.getBoolean("UNSIGNED_ATTRIBUTE");
2022-12-26 20:50:10 jdbc[3]: 
/**/rs3.getInt("PRECISION");
2022-12-26 20:50:10 jdbc[3]: 
/**/rs3.getShort("MINIMUM_SCALE");
2022-12-26 20:50:10 jdbc[3]: 
/**/rs3.getShort("MAXIMUM_SCALE");
2022-12-26 20:50:10 jdbc[3]: 
/**/rs3.getBoolean("FIXED_PREC_SCALE");
2022-12-26 20:50:10 jdbc[3]: 
/**/rs3.getString("LITERAL_PREFIX");
2022-12-26 20:50:10 jdbc[3]: 
/**/rs3.getString("LITERAL_SUFFIX");
2022-12-26 20:50:10 jdbc[3]: 
/**/rs3.getBoolean("CASE_SENSITIVE");
2022-12-26 20:50:10 jdbc[3]: 
/**/rs3.getShort("SEARCHABLE");
2022-12-26 20:50:10 jdbc[3]: 
/**/rs3.getShort("NULLABLE");
2022-12-26 20:50:10 jdbc[3]: 
/**/rs3.next();
2022-12-26 20:50:10 jdbc[3]: 
/**/rs3.getString("TYPE_NAME");
2022-12-26 20:50:10 jdbc[3]: 
/**/rs3.getInt("DATA_TYPE");
2022-12-26 20:50:10 jdbc[3]: 
/**/rs3.getString("CREATE_PARAMS");
2022-12-26 20:50:10 jdbc[3]: 
/**/rs3.getBoolean("UNSIGNED_ATTRIBUTE");
2022-12-26 20:50:10 jdbc[3]: 
/**/rs3.getInt("PRECISION");
2022-12-26 20:50:10 jdbc[3]: 
/**/rs3.getShort("MINIMUM_SCALE");
2022-12-26 20:50:10 jdbc[3]: 
/**/rs3.getShort("MAXIMUM_SCALE");
2022-12-26 20:50:10 jdbc[3]: 
/**/rs3.getBoolean("FIXED_PREC_SCALE");
2022-12-26 20:50:10 jdbc[3]: 
/**/rs3.getString("LITERAL_PREFIX");
2022-12-26 20:50:10 jdbc[3]: 
/**/rs3.getString("LITERAL_SUFFIX");
2022-12-26 20:50:10 jdbc[3]: 
/**/rs3.getBoolean("CASE_SENSITIVE");
2022-12-26 20:50:10 jdbc[3]: 
/**/rs3.getShort("SEARCHABLE");
2022-12-26 20:50:10 jdbc[3]: 
/**/rs3.getShort("NULLABLE");
2022-12-26 20:50:10 jdbc[3]: 
/**/rs3.next();
2022-12-26 20:50:10 jdbc[3]: 
/**/rs3.getString("TYPE_NAME");
2022-12-26 20:50:10 jdbc[3]: 
/**/rs3.getInt("DATA_TYPE");
2022-12-26 20:50:10 jdbc[3]: 
/**/rs3.getString("CREATE_PARAMS");
2022-12-26 20:50:10 jdbc[3]: 
/**/rs3.getBoolean("UNSIGNED_ATTRIBUTE");
2022-12-26 20:50:10 jdbc[3]: 
/**/rs3.getInt("PRECISION");
2022-12-26 20:50:10 jdbc[3]: 
/**/rs3.getShort("MINIMUM_SCALE");
2022-12-26 20:50:10 jdbc[3]: 
/**/rs3.getShort("MAXIMUM_SCALE");
2022-12-26 20:50:10 jdbc[3]: 
/**/rs3.getBoolean("FIXED_PREC_SCALE");
2022-12-26 20:50:10 jdbc[3]: 
/**/rs3.getString("LITERAL_PREFIX");
2022-12-26 20:50:10 jdbc[3]: 
/**/rs3.getString("LITERAL_SUFFIX");
2022-12-26 20:50:10 jdbc[3]: 
/**/rs3.getBoolean("CASE_SENSITIVE");
2022-12-26 20:50:10 jdbc[3]: 
/**/rs3.getShort("SEARCHABLE");
2022-12-26 20:50:10 jdbc[3]: 
/**/rs3.getShort("NULLABLE");
2022-12-26 20:50:10 jdbc[3]: 
/**/rs3.next();
2022-12-26 20:50:10 jdbc[3]: 
/**/rs3.getString("TYPE_NAME");
2022-12-26 20:50:10 jdbc[3]: 
/**/rs3.getInt("DATA_TYPE");
2022-12-26 20:50:10 jdbc[3]: 
/**/rs3.getString("CREATE_PARAMS");
2022-12-26 20:50:10 jdbc[3]: 
/**/rs3.getBoolean("UNSIGNED_ATTRIBUTE");
2022-12-26 20:50:10 jdbc[3]: 
/**/rs3.getInt("PRECISION");
2022-12-26 20:50:10 jdbc[3]: 
/**/rs3.getShort("MINIMUM_SCALE");
2022-12-26 20:50:10 jdbc[3]: 
/**/rs3.getShort("MAXIMUM_SCALE");
2022-12-26 20:50:10 jdbc[3]: 
/**/rs3.getBoolean("FIXED_PREC_SCALE");
2022-12-26 20:50:10 jdbc[3]: 
/**/rs3.getString("LITERAL_PREFIX");
2022-12-26 20:50:10 jdbc[3]: 
/**/rs3.getString("LITERAL_SUFFIX");
2022-12-26 20:50:10 jdbc[3]: 
/**/rs3.getBoolean("CASE_SENSITIVE");
2022-12-26 20:50:10 jdbc[3]: 
/**/rs3.getShort("SEARCHABLE");
2022-12-26 20:50:10 jdbc[3]: 
/**/rs3.getShort("NULLABLE");
2022-12-26 20:50:10 jdbc[3]: 
/**/rs3.next();
2022-12-26 20:50:10 jdbc[3]: 
/**/rs3.getString("TYPE_NAME");
2022-12-26 20:50:10 jdbc[3]: 
/**/rs3.getInt("DATA_TYPE");
2022-12-26 20:50:10 jdbc[3]: 
/**/rs3.getString("CREATE_PARAMS");
2022-12-26 20:50:10 jdbc[3]: 
/**/rs3.getBoolean("UNSIGNED_ATTRIBUTE");
2022-12-26 20:50:10 jdbc[3]: 
/**/rs3.getInt("PRECISION");
2022-12-26 20:50:10 jdbc[3]: 
/**/rs3.getShort("MINIMUM_SCALE");
2022-12-26 20:50:10 jdbc[3]: 
/**/rs3.getShort("MAXIMUM_SCALE");
2022-12-26 20:50:10 jdbc[3]: 
/**/rs3.getBoolean("FIXED_PREC_SCALE");
2022-12-26 20:50:10 jdbc[3]: 
/**/rs3.getString("LITERAL_PREFIX");
2022-12-26 20:50:10 jdbc[3]: 
/**/rs3.getString("LITERAL_SUFFIX");
2022-12-26 20:50:10 jdbc[3]: 
/**/rs3.getBoolean("CASE_SENSITIVE");
2022-12-26 20:50:10 jdbc[3]: 
/**/rs3.getShort("SEARCHABLE");
2022-12-26 20:50:10 jdbc[3]: 
/**/rs3.getShort("NULLABLE");
2022-12-26 20:50:10 jdbc[3]: 
/**/rs3.next();
2022-12-26 20:50:10 jdbc[3]: 
/**/rs3.getString("TYPE_NAME");
2022-12-26 20:50:10 jdbc[3]: 
/**/rs3.getInt("DATA_TYPE");
2022-12-26 20:50:10 jdbc[3]: 
/**/rs3.getString("CREATE_PARAMS");
2022-12-26 20:50:10 jdbc[3]: 
/**/rs3.getBoolean("UNSIGNED_ATTRIBUTE");
2022-12-26 20:50:10 jdbc[3]: 
/**/rs3.getInt("PRECISION");
2022-12-26 20:50:10 jdbc[3]: 
/**/rs3.getShort("MINIMUM_SCALE");
2022-12-26 20:50:10 jdbc[3]: 
/**/rs3.getShort("MAXIMUM_SCALE");
2022-12-26 20:50:10 jdbc[3]: 
/**/rs3.getBoolean("FIXED_PREC_SCALE");
2022-12-26 20:50:10 jdbc[3]: 
/**/rs3.getString("LITERAL_PREFIX");
2022-12-26 20:50:10 jdbc[3]: 
/**/rs3.getString("LITERAL_SUFFIX");
2022-12-26 20:50:10 jdbc[3]: 
/**/rs3.getBoolean("CASE_SENSITIVE");
2022-12-26 20:50:10 jdbc[3]: 
/**/rs3.getShort("SEARCHABLE");
2022-12-26 20:50:10 jdbc[3]: 
/**/rs3.getShort("NULLABLE");
2022-12-26 20:50:10 jdbc[3]: 
/**/rs3.next();
2022-12-26 20:50:10 jdbc[3]: 
/**/rs3.getString("TYPE_NAME");
2022-12-26 20:50:10 jdbc[3]: 
/**/rs3.getInt("DATA_TYPE");
2022-12-26 20:50:10 jdbc[3]: 
/**/rs3.getString("CREATE_PARAMS");
2022-12-26 20:50:10 jdbc[3]: 
/**/rs3.getBoolean("UNSIGNED_ATTRIBUTE");
2022-12-26 20:50:10 jdbc[3]: 
/**/rs3.getInt("PRECISION");
2022-12-26 20:50:10 jdbc[3]: 
/**/rs3.getShort("MINIMUM_SCALE");
2022-12-26 20:50:10 jdbc[3]: 
/**/rs3.getShort("MAXIMUM_SCALE");
2022-12-26 20:50:10 jdbc[3]: 
/**/rs3.getBoolean("FIXED_PREC_SCALE");
2022-12-26 20:50:10 jdbc[3]: 
/**/rs3.getString("LITERAL_PREFIX");
2022-12-26 20:50:10 jdbc[3]: 
/**/rs3.getString("LITERAL_SUFFIX");
2022-12-26 20:50:10 jdbc[3]: 
/**/rs3.getBoolean("CASE_SENSITIVE");
2022-12-26 20:50:10 jdbc[3]: 
/**/rs3.getShort("SEARCHABLE");
2022-12-26 20:50:10 jdbc[3]: 
/**/rs3.getShort("NULLABLE");
2022-12-26 20:50:10 jdbc[3]: 
/**/rs3.next();
2022-12-26 20:50:10 jdbc[3]: 
/**/rs3.getString("TYPE_NAME");
2022-12-26 20:50:10 jdbc[3]: 
/**/rs3.getInt("DATA_TYPE");
2022-12-26 20:50:10 jdbc[3]: 
/**/rs3.getString("CREATE_PARAMS");
2022-12-26 20:50:10 jdbc[3]: 
/**/rs3.getBoolean("UNSIGNED_ATTRIBUTE");
2022-12-26 20:50:10 jdbc[3]: 
/**/rs3.getInt("PRECISION");
2022-12-26 20:50:10 jdbc[3]: 
/**/rs3.getShort("MINIMUM_SCALE");
2022-12-26 20:50:10 jdbc[3]: 
/**/rs3.getShort("MAXIMUM_SCALE");
2022-12-26 20:50:10 jdbc[3]: 
/**/rs3.getBoolean("FIXED_PREC_SCALE");
2022-12-26 20:50:10 jdbc[3]: 
/**/rs3.getString("LITERAL_PREFIX");
2022-12-26 20:50:10 jdbc[3]: 
/**/rs3.getString("LITERAL_SUFFIX");
2022-12-26 20:50:10 jdbc[3]: 
/**/rs3.getBoolean("CASE_SENSITIVE");
2022-12-26 20:50:10 jdbc[3]: 
/**/rs3.getShort("SEARCHABLE");
2022-12-26 20:50:10 jdbc[3]: 
/**/rs3.getShort("NULLABLE");
2022-12-26 20:50:10 jdbc[3]: 
/**/rs3.next();
2022-12-26 20:50:10 jdbc[3]: 
/**/rs3.getString("TYPE_NAME");
2022-12-26 20:50:10 jdbc[3]: 
/**/rs3.getInt("DATA_TYPE");
2022-12-26 20:50:10 jdbc[3]: 
/**/rs3.getString("CREATE_PARAMS");
2022-12-26 20:50:10 jdbc[3]: 
/**/rs3.getBoolean("UNSIGNED_ATTRIBUTE");
2022-12-26 20:50:10 jdbc[3]: 
/**/rs3.getInt("PRECISION");
2022-12-26 20:50:10 jdbc[3]: 
/**/rs3.getShort("MINIMUM_SCALE");
2022-12-26 20:50:10 jdbc[3]: 
/**/rs3.getShort("MAXIMUM_SCALE");
2022-12-26 20:50:10 jdbc[3]: 
/**/rs3.getBoolean("FIXED_PREC_SCALE");
2022-12-26 20:50:10 jdbc[3]: 
/**/rs3.getString("LITERAL_PREFIX");
2022-12-26 20:50:10 jdbc[3]: 
/**/rs3.getString("LITERAL_SUFFIX");
2022-12-26 20:50:10 jdbc[3]: 
/**/rs3.getBoolean("CASE_SENSITIVE");
2022-12-26 20:50:10 jdbc[3]: 
/**/rs3.getShort("SEARCHABLE");
2022-12-26 20:50:10 jdbc[3]: 
/**/rs3.getShort("NULLABLE");
2022-12-26 20:50:10 jdbc[3]: 
/**/rs3.next();
2022-12-26 20:50:10 jdbc[3]: 
/**/rs3.getString("TYPE_NAME");
2022-12-26 20:50:10 jdbc[3]: 
/**/rs3.getInt("DATA_TYPE");
2022-12-26 20:50:10 jdbc[3]: 
/**/rs3.getString("CREATE_PARAMS");
2022-12-26 20:50:10 jdbc[3]: 
/**/rs3.getBoolean("UNSIGNED_ATTRIBUTE");
2022-12-26 20:50:10 jdbc[3]: 
/**/rs3.getInt("PRECISION");
2022-12-26 20:50:10 jdbc[3]: 
/**/rs3.getShort("MINIMUM_SCALE");
2022-12-26 20:50:10 jdbc[3]: 
/**/rs3.getShort("MAXIMUM_SCALE");
2022-12-26 20:50:10 jdbc[3]: 
/**/rs3.getBoolean("FIXED_PREC_SCALE");
2022-12-26 20:50:10 jdbc[3]: 
/**/rs3.getString("LITERAL_PREFIX");
2022-12-26 20:50:10 jdbc[3]: 
/**/rs3.getString("LITERAL_SUFFIX");
2022-12-26 20:50:10 jdbc[3]: 
/**/rs3.getBoolean("CASE_SENSITIVE");
2022-12-26 20:50:10 jdbc[3]: 
/**/rs3.getShort("SEARCHABLE");
2022-12-26 20:50:10 jdbc[3]: 
/**/rs3.getShort("NULLABLE");
2022-12-26 20:50:10 jdbc[3]: 
/**/rs3.next();
2022-12-26 20:50:10 jdbc[3]: 
/**/rs3.getString("TYPE_NAME");
2022-12-26 20:50:10 jdbc[3]: 
/**/rs3.getInt("DATA_TYPE");
2022-12-26 20:50:10 jdbc[3]: 
/**/rs3.getString("CREATE_PARAMS");
2022-12-26 20:50:10 jdbc[3]: 
/**/rs3.getBoolean("UNSIGNED_ATTRIBUTE");
2022-12-26 20:50:10 jdbc[3]: 
/**/rs3.getInt("PRECISION");
2022-12-26 20:50:10 jdbc[3]: 
/**/rs3.getShort("MINIMUM_SCALE");
2022-12-26 20:50:10 jdbc[3]: 
/**/rs3.getShort("MAXIMUM_SCALE");
2022-12-26 20:50:10 jdbc[3]: 
/**/rs3.getBoolean("FIXED_PREC_SCALE");
2022-12-26 20:50:10 jdbc[3]: 
/**/rs3.getString("LITERAL_PREFIX");
2022-12-26 20:50:10 jdbc[3]: 
/**/rs3.getString("LITERAL_SUFFIX");
2022-12-26 20:50:10 jdbc[3]: 
/**/rs3.getBoolean("CASE_SENSITIVE");
2022-12-26 20:50:10 jdbc[3]: 
/**/rs3.getShort("SEARCHABLE");
2022-12-26 20:50:10 jdbc[3]: 
/**/rs3.getShort("NULLABLE");
2022-12-26 20:50:10 jdbc[3]: 
/**/rs3.next();
2022-12-26 20:50:10 jdbc[3]: 
/**/rs3.close();
2022-12-26 20:50:10 jdbc[3]: 
/**/prep3.close();
2022-12-26 20:50:10 jdbc[3]: 
/**/conn1.getSchema();
2022-12-26 20:50:10 jdbc[3]: 
/**/conn1.getSchema();
2022-12-26 20:50:10 jdbc[3]: 
/**/dbMeta0.supportsNamedParameters();
2022-12-26 20:50:10 jdbc[3]: 
/**/Statement stat1 = conn1.createStatement();
2022-12-26 20:50:10 jdbc[3]: 
/**/ResultSet rs4 = stat1.executeQuery("select * from INFORMATION_SCHEMA.SEQUENCES");
2022-12-26 20:50:10 jdbc[3]: Plan       : calculate cost for plan [SEQUENCES:-9:org.h2.table.MetaTable@2c002f95]
2022-12-26 20:50:10 jdbc[3]: Plan       :   for table filter SEQUENCES:-9:org.h2.table.MetaTable@2c002f95
2022-12-26 20:50:10 jdbc[3]: Table      :     potential plan item cost 10,000 index meta
2022-12-26 20:50:10 jdbc[3]: Plan       :   best plan item cost 10,000 index meta
2022-12-26 20:50:10 jdbc[3]: Plan       : plan cost 10,001
2022-12-26 20:50:10 jdbc[3]: 
/*SQL */select * from INFORMATION_SCHEMA.SEQUENCES;
2022-12-26 20:50:10 jdbc[3]: 
/**/rs4.next();
2022-12-26 20:50:10 jdbc[3]: 
/**/rs4.close();
2022-12-26 20:50:10 jdbc[3]: 
/**/stat1.close();
2022-12-26 20:50:10 jdbc[3]: 
/**/dbMeta0.getCatalogSeparator();
2022-12-26 20:50:10 jdbc[3]: 
/**/dbMeta0.isCatalogAtStart();
2022-12-26 20:50:10 jdbc[3]: 
/**/dbMeta0.getTypeInfo();
2022-12-26 20:50:10 jdbc[3]: 
/**/PreparedStatement prep4 = conn1.prepareStatement("SELECT TYPE_NAME, DATA_TYPE, PRECISION, PREFIX LITERAL_PREFIX, SUFFIX LITERAL_SUFFIX, PARAMS CREATE_PARAMS, NULLABLE, CASE_SENSITIVE, SEARCHABLE, FALSE UNSIGNED_ATTRIBUTE, FALSE FIXED_PREC_SCALE, AUTO_INCREMENT, TYPE_NAME LOCAL_TYPE_NAME, MINIMUM_SCALE, MAXIMUM_SCALE, DATA_TYPE SQL_DATA_TYPE, ZERO() SQL_DATETIME_SUB, RADIX NUM_PREC_RADIX FROM INFORMATION_SCHEMA.TYPE_INFO ORDER BY DATA_TYPE, POS");
2022-12-26 20:50:10 jdbc[3]: 
/**/ResultSet rs5 = prep4.executeQuery();
2022-12-26 20:50:10 jdbc[3]: 
/*SQL #:46*/SELECT TYPE_NAME, DATA_TYPE, PRECISION, PREFIX LITERAL_PREFIX, SUFFIX LITERAL_SUFFIX, PARAMS CREATE_PARAMS, NULLABLE, CASE_SENSITIVE, SEARCHABLE, FALSE UNSIGNED_ATTRIBUTE, FALSE FIXED_PREC_SCALE, AUTO_INCREMENT, TYPE_NAME LOCAL_TYPE_NAME, MINIMUM_SCALE, MAXIMUM_SCALE, DATA_TYPE SQL_DATA_TYPE, ZERO() SQL_DATETIME_SUB, RADIX NUM_PREC_RADIX FROM INFORMATION_SCHEMA.TYPE_INFO ORDER BY DATA_TYPE, POS;
2022-12-26 20:50:10 jdbc[3]: 
/**/rs5.getStatement();
2022-12-26 20:50:10 jdbc[3]: 
/**/rs5.next();
2022-12-26 20:50:10 jdbc[3]: 
/**/rs5.getString("TYPE_NAME");
2022-12-26 20:50:10 jdbc[3]: 
/**/rs5.getInt("DATA_TYPE");
2022-12-26 20:50:10 jdbc[3]: 
/**/rs5.getString("CREATE_PARAMS");
2022-12-26 20:50:10 jdbc[3]: 
/**/rs5.getBoolean("UNSIGNED_ATTRIBUTE");
2022-12-26 20:50:10 jdbc[3]: 
/**/rs5.getInt("PRECISION");
2022-12-26 20:50:10 jdbc[3]: 
/**/rs5.getShort("MINIMUM_SCALE");
2022-12-26 20:50:10 jdbc[3]: 
/**/rs5.getShort("MAXIMUM_SCALE");
2022-12-26 20:50:10 jdbc[3]: 
/**/rs5.getBoolean("FIXED_PREC_SCALE");
2022-12-26 20:50:10 jdbc[3]: 
/**/rs5.getString("LITERAL_PREFIX");
2022-12-26 20:50:10 jdbc[3]: 
/**/rs5.getString("LITERAL_SUFFIX");
2022-12-26 20:50:10 jdbc[3]: 
/**/rs5.getBoolean("CASE_SENSITIVE");
2022-12-26 20:50:10 jdbc[3]: 
/**/rs5.getShort("SEARCHABLE");
2022-12-26 20:50:10 jdbc[3]: 
/**/rs5.getShort("NULLABLE");
2022-12-26 20:50:10 jdbc[3]: 
/**/rs5.next();
2022-12-26 20:50:10 jdbc[3]: 
/**/rs5.getString("TYPE_NAME");
2022-12-26 20:50:10 jdbc[3]: 
/**/rs5.getInt("DATA_TYPE");
2022-12-26 20:50:10 jdbc[3]: 
/**/rs5.getString("CREATE_PARAMS");
2022-12-26 20:50:10 jdbc[3]: 
/**/rs5.getBoolean("UNSIGNED_ATTRIBUTE");
2022-12-26 20:50:10 jdbc[3]: 
/**/rs5.getInt("PRECISION");
2022-12-26 20:50:10 jdbc[3]: 
/**/rs5.getShort("MINIMUM_SCALE");
2022-12-26 20:50:10 jdbc[3]: 
/**/rs5.getShort("MAXIMUM_SCALE");
2022-12-26 20:50:10 jdbc[3]: 
/**/rs5.getBoolean("FIXED_PREC_SCALE");
2022-12-26 20:50:10 jdbc[3]: 
/**/rs5.getString("LITERAL_PREFIX");
2022-12-26 20:50:10 jdbc[3]: 
/**/rs5.getString("LITERAL_SUFFIX");
2022-12-26 20:50:10 jdbc[3]: 
/**/rs5.getBoolean("CASE_SENSITIVE");
2022-12-26 20:50:10 jdbc[3]: 
/**/rs5.getShort("SEARCHABLE");
2022-12-26 20:50:10 jdbc[3]: 
/**/rs5.getShort("NULLABLE");
2022-12-26 20:50:10 jdbc[3]: 
/**/rs5.next();
2022-12-26 20:50:10 jdbc[3]: 
/**/rs5.getString("TYPE_NAME");
2022-12-26 20:50:10 jdbc[3]: 
/**/rs5.getInt("DATA_TYPE");
2022-12-26 20:50:10 jdbc[3]: 
/**/rs5.getString("CREATE_PARAMS");
2022-12-26 20:50:10 jdbc[3]: 
/**/rs5.getBoolean("UNSIGNED_ATTRIBUTE");
2022-12-26 20:50:10 jdbc[3]: 
/**/rs5.getInt("PRECISION");
2022-12-26 20:50:10 jdbc[3]: 
/**/rs5.getShort("MINIMUM_SCALE");
2022-12-26 20:50:10 jdbc[3]: 
/**/rs5.getShort("MAXIMUM_SCALE");
2022-12-26 20:50:10 jdbc[3]: 
/**/rs5.getBoolean("FIXED_PREC_SCALE");
2022-12-26 20:50:10 jdbc[3]: 
/**/rs5.getString("LITERAL_PREFIX");
2022-12-26 20:50:10 jdbc[3]: 
/**/rs5.getString("LITERAL_SUFFIX");
2022-12-26 20:50:10 jdbc[3]: 
/**/rs5.getBoolean("CASE_SENSITIVE");
2022-12-26 20:50:10 jdbc[3]: 
/**/rs5.getShort("SEARCHABLE");
2022-12-26 20:50:10 jdbc[3]: 
/**/rs5.getShort("NULLABLE");
2022-12-26 20:50:10 jdbc[3]: 
/**/rs5.next();
2022-12-26 20:50:10 jdbc[3]: 
/**/rs5.getString("TYPE_NAME");
2022-12-26 20:50:10 jdbc[3]: 
/**/rs5.getInt("DATA_TYPE");
2022-12-26 20:50:10 jdbc[3]: 
/**/rs5.getString("CREATE_PARAMS");
2022-12-26 20:50:10 jdbc[3]: 
/**/rs5.getBoolean("UNSIGNED_ATTRIBUTE");
2022-12-26 20:50:10 jdbc[3]: 
/**/rs5.getInt("PRECISION");
2022-12-26 20:50:10 jdbc[3]: 
/**/rs5.getShort("MINIMUM_SCALE");
2022-12-26 20:50:10 jdbc[3]: 
/**/rs5.getShort("MAXIMUM_SCALE");
2022-12-26 20:50:10 jdbc[3]: 
/**/rs5.getBoolean("FIXED_PREC_SCALE");
2022-12-26 20:50:10 jdbc[3]: 
/**/rs5.getString("LITERAL_PREFIX");
2022-12-26 20:50:10 jdbc[3]: 
/**/rs5.getString("LITERAL_SUFFIX");
2022-12-26 20:50:10 jdbc[3]: 
/**/rs5.getBoolean("CASE_SENSITIVE");
2022-12-26 20:50:10 jdbc[3]: 
/**/rs5.getShort("SEARCHABLE");
2022-12-26 20:50:10 jdbc[3]: 
/**/rs5.getShort("NULLABLE");
2022-12-26 20:50:10 jdbc[3]: 
/**/rs5.next();
2022-12-26 20:50:10 jdbc[3]: 
/**/rs5.getString("TYPE_NAME");
2022-12-26 20:50:10 jdbc[3]: 
/**/rs5.getInt("DATA_TYPE");
2022-12-26 20:50:10 jdbc[3]: 
/**/rs5.getString("CREATE_PARAMS");
2022-12-26 20:50:10 jdbc[3]: 
/**/rs5.getBoolean("UNSIGNED_ATTRIBUTE");
2022-12-26 20:50:10 jdbc[3]: 
/**/rs5.getInt("PRECISION");
2022-12-26 20:50:10 jdbc[3]: 
/**/rs5.getShort("MINIMUM_SCALE");
2022-12-26 20:50:10 jdbc[3]: 
/**/rs5.getShort("MAXIMUM_SCALE");
2022-12-26 20:50:10 jdbc[3]: 
/**/rs5.getBoolean("FIXED_PREC_SCALE");
2022-12-26 20:50:10 jdbc[3]: 
/**/rs5.getString("LITERAL_PREFIX");
2022-12-26 20:50:10 jdbc[3]: 
/**/rs5.getString("LITERAL_SUFFIX");
2022-12-26 20:50:10 jdbc[3]: 
/**/rs5.getBoolean("CASE_SENSITIVE");
2022-12-26 20:50:10 jdbc[3]: 
/**/rs5.getShort("SEARCHABLE");
2022-12-26 20:50:10 jdbc[3]: 
/**/rs5.getShort("NULLABLE");
2022-12-26 20:50:10 jdbc[3]: 
/**/rs5.next();
2022-12-26 20:50:10 jdbc[3]: 
/**/rs5.getString("TYPE_NAME");
2022-12-26 20:50:10 jdbc[3]: 
/**/rs5.getInt("DATA_TYPE");
2022-12-26 20:50:10 jdbc[3]: 
/**/rs5.getString("CREATE_PARAMS");
2022-12-26 20:50:10 jdbc[3]: 
/**/rs5.getBoolean("UNSIGNED_ATTRIBUTE");
2022-12-26 20:50:10 jdbc[3]: 
/**/rs5.getInt("PRECISION");
2022-12-26 20:50:10 jdbc[3]: 
/**/rs5.getShort("MINIMUM_SCALE");
2022-12-26 20:50:10 jdbc[3]: 
/**/rs5.getShort("MAXIMUM_SCALE");
2022-12-26 20:50:10 jdbc[3]: 
/**/rs5.getBoolean("FIXED_PREC_SCALE");
2022-12-26 20:50:10 jdbc[3]: 
/**/rs5.getString("LITERAL_PREFIX");
2022-12-26 20:50:10 jdbc[3]: 
/**/rs5.getString("LITERAL_SUFFIX");
2022-12-26 20:50:10 jdbc[3]: 
/**/rs5.getBoolean("CASE_SENSITIVE");
2022-12-26 20:50:10 jdbc[3]: 
/**/rs5.getShort("SEARCHABLE");
2022-12-26 20:50:10 jdbc[3]: 
/**/rs5.getShort("NULLABLE");
2022-12-26 20:50:10 jdbc[3]: 
/**/rs5.next();
2022-12-26 20:50:10 jdbc[3]: 
/**/rs5.getString("TYPE_NAME");
2022-12-26 20:50:10 jdbc[3]: 
/**/rs5.getInt("DATA_TYPE");
2022-12-26 20:50:10 jdbc[3]: 
/**/rs5.getString("CREATE_PARAMS");
2022-12-26 20:50:10 jdbc[3]: 
/**/rs5.getBoolean("UNSIGNED_ATTRIBUTE");
2022-12-26 20:50:10 jdbc[3]: 
/**/rs5.getInt("PRECISION");
2022-12-26 20:50:10 jdbc[3]: 
/**/rs5.getShort("MINIMUM_SCALE");
2022-12-26 20:50:10 jdbc[3]: 
/**/rs5.getShort("MAXIMUM_SCALE");
2022-12-26 20:50:10 jdbc[3]: 
/**/rs5.getBoolean("FIXED_PREC_SCALE");
2022-12-26 20:50:10 jdbc[3]: 
/**/rs5.getString("LITERAL_PREFIX");
2022-12-26 20:50:10 jdbc[3]: 
/**/rs5.getString("LITERAL_SUFFIX");
2022-12-26 20:50:10 jdbc[3]: 
/**/rs5.getBoolean("CASE_SENSITIVE");
2022-12-26 20:50:10 jdbc[3]: 
/**/rs5.getShort("SEARCHABLE");
2022-12-26 20:50:10 jdbc[3]: 
/**/rs5.getShort("NULLABLE");
2022-12-26 20:50:10 jdbc[3]: 
/**/rs5.next();
2022-12-26 20:50:10 jdbc[3]: 
/**/rs5.getString("TYPE_NAME");
2022-12-26 20:50:10 jdbc[3]: 
/**/rs5.getInt("DATA_TYPE");
2022-12-26 20:50:10 jdbc[3]: 
/**/rs5.getString("CREATE_PARAMS");
2022-12-26 20:50:10 jdbc[3]: 
/**/rs5.getBoolean("UNSIGNED_ATTRIBUTE");
2022-12-26 20:50:10 jdbc[3]: 
/**/rs5.getInt("PRECISION");
2022-12-26 20:50:10 jdbc[3]: 
/**/rs5.getShort("MINIMUM_SCALE");
2022-12-26 20:50:10 jdbc[3]: 
/**/rs5.getShort("MAXIMUM_SCALE");
2022-12-26 20:50:10 jdbc[3]: 
/**/rs5.getBoolean("FIXED_PREC_SCALE");
2022-12-26 20:50:10 jdbc[3]: 
/**/rs5.getString("LITERAL_PREFIX");
2022-12-26 20:50:10 jdbc[3]: 
/**/rs5.getString("LITERAL_SUFFIX");
2022-12-26 20:50:10 jdbc[3]: 
/**/rs5.getBoolean("CASE_SENSITIVE");
2022-12-26 20:50:10 jdbc[3]: 
/**/rs5.getShort("SEARCHABLE");
2022-12-26 20:50:10 jdbc[3]: 
/**/rs5.getShort("NULLABLE");
2022-12-26 20:50:10 jdbc[3]: 
/**/rs5.next();
2022-12-26 20:50:10 jdbc[3]: 
/**/rs5.getString("TYPE_NAME");
2022-12-26 20:50:10 jdbc[3]: 
/**/rs5.getInt("DATA_TYPE");
2022-12-26 20:50:10 jdbc[3]: 
/**/rs5.getString("CREATE_PARAMS");
2022-12-26 20:50:10 jdbc[3]: 
/**/rs5.getBoolean("UNSIGNED_ATTRIBUTE");
2022-12-26 20:50:10 jdbc[3]: 
/**/rs5.getInt("PRECISION");
2022-12-26 20:50:10 jdbc[3]: 
/**/rs5.getShort("MINIMUM_SCALE");
2022-12-26 20:50:10 jdbc[3]: 
/**/rs5.getShort("MAXIMUM_SCALE");
2022-12-26 20:50:10 jdbc[3]: 
/**/rs5.getBoolean("FIXED_PREC_SCALE");
2022-12-26 20:50:10 jdbc[3]: 
/**/rs5.getString("LITERAL_PREFIX");
2022-12-26 20:50:10 jdbc[3]: 
/**/rs5.getString("LITERAL_SUFFIX");
2022-12-26 20:50:10 jdbc[3]: 
/**/rs5.getBoolean("CASE_SENSITIVE");
2022-12-26 20:50:10 jdbc[3]: 
/**/rs5.getShort("SEARCHABLE");
2022-12-26 20:50:10 jdbc[3]: 
/**/rs5.getShort("NULLABLE");
2022-12-26 20:50:10 jdbc[3]: 
/**/rs5.next();
2022-12-26 20:50:10 jdbc[3]: 
/**/rs5.getString("TYPE_NAME");
2022-12-26 20:50:10 jdbc[3]: 
/**/rs5.getInt("DATA_TYPE");
2022-12-26 20:50:10 jdbc[3]: 
/**/rs5.getString("CREATE_PARAMS");
2022-12-26 20:50:10 jdbc[3]: 
/**/rs5.getBoolean("UNSIGNED_ATTRIBUTE");
2022-12-26 20:50:10 jdbc[3]: 
/**/rs5.getInt("PRECISION");
2022-12-26 20:50:10 jdbc[3]: 
/**/rs5.getShort("MINIMUM_SCALE");
2022-12-26 20:50:10 jdbc[3]: 
/**/rs5.getShort("MAXIMUM_SCALE");
2022-12-26 20:50:10 jdbc[3]: 
/**/rs5.getBoolean("FIXED_PREC_SCALE");
2022-12-26 20:50:10 jdbc[3]: 
/**/rs5.getString("LITERAL_PREFIX");
2022-12-26 20:50:10 jdbc[3]: 
/**/rs5.getString("LITERAL_SUFFIX");
2022-12-26 20:50:10 jdbc[3]: 
/**/rs5.getBoolean("CASE_SENSITIVE");
2022-12-26 20:50:10 jdbc[3]: 
/**/rs5.getShort("SEARCHABLE");
2022-12-26 20:50:10 jdbc[3]: 
/**/rs5.getShort("NULLABLE");
2022-12-26 20:50:10 jdbc[3]: 
/**/rs5.next();
2022-12-26 20:50:10 jdbc[3]: 
/**/rs5.getString("TYPE_NAME");
2022-12-26 20:50:10 jdbc[3]: 
/**/rs5.getInt("DATA_TYPE");
2022-12-26 20:50:10 jdbc[3]: 
/**/rs5.getString("CREATE_PARAMS");
2022-12-26 20:50:10 jdbc[3]: 
/**/rs5.getBoolean("UNSIGNED_ATTRIBUTE");
2022-12-26 20:50:10 jdbc[3]: 
/**/rs5.getInt("PRECISION");
2022-12-26 20:50:10 jdbc[3]: 
/**/rs5.getShort("MINIMUM_SCALE");
2022-12-26 20:50:10 jdbc[3]: 
/**/rs5.getShort("MAXIMUM_SCALE");
2022-12-26 20:50:10 jdbc[3]: 
/**/rs5.getBoolean("FIXED_PREC_SCALE");
2022-12-26 20:50:10 jdbc[3]: 
/**/rs5.getString("LITERAL_PREFIX");
2022-12-26 20:50:10 jdbc[3]: 
/**/rs5.getString("LITERAL_SUFFIX");
2022-12-26 20:50:10 jdbc[3]: 
/**/rs5.getBoolean("CASE_SENSITIVE");
2022-12-26 20:50:10 jdbc[3]: 
/**/rs5.getShort("SEARCHABLE");
2022-12-26 20:50:10 jdbc[3]: 
/**/rs5.getShort("NULLABLE");
2022-12-26 20:50:10 jdbc[3]: 
/**/rs5.next();
2022-12-26 20:50:10 jdbc[3]: 
/**/rs5.getString("TYPE_NAME");
2022-12-26 20:50:10 jdbc[3]: 
/**/rs5.getInt("DATA_TYPE");
2022-12-26 20:50:10 jdbc[3]: 
/**/rs5.getString("CREATE_PARAMS");
2022-12-26 20:50:10 jdbc[3]: 
/**/rs5.getBoolean("UNSIGNED_ATTRIBUTE");
2022-12-26 20:50:10 jdbc[3]: 
/**/rs5.getInt("PRECISION");
2022-12-26 20:50:10 jdbc[3]: 
/**/rs5.getShort("MINIMUM_SCALE");
2022-12-26 20:50:10 jdbc[3]: 
/**/rs5.getShort("MAXIMUM_SCALE");
2022-12-26 20:50:10 jdbc[3]: 
/**/rs5.getBoolean("FIXED_PREC_SCALE");
2022-12-26 20:50:10 jdbc[3]: 
/**/rs5.getString("LITERAL_PREFIX");
2022-12-26 20:50:10 jdbc[3]: 
/**/rs5.getString("LITERAL_SUFFIX");
2022-12-26 20:50:10 jdbc[3]: 
/**/rs5.getBoolean("CASE_SENSITIVE");
2022-12-26 20:50:10 jdbc[3]: 
/**/rs5.getShort("SEARCHABLE");
2022-12-26 20:50:10 jdbc[3]: 
/**/rs5.getShort("NULLABLE");
2022-12-26 20:50:10 jdbc[3]: 
/**/rs5.next();
2022-12-26 20:50:10 jdbc[3]: 
/**/rs5.getString("TYPE_NAME");
2022-12-26 20:50:10 jdbc[3]: 
/**/rs5.getInt("DATA_TYPE");
2022-12-26 20:50:10 jdbc[3]: 
/**/rs5.getString("CREATE_PARAMS");
2022-12-26 20:50:10 jdbc[3]: 
/**/rs5.getBoolean("UNSIGNED_ATTRIBUTE");
2022-12-26 20:50:10 jdbc[3]: 
/**/rs5.getInt("PRECISION");
2022-12-26 20:50:10 jdbc[3]: 
/**/rs5.getShort("MINIMUM_SCALE");
2022-12-26 20:50:10 jdbc[3]: 
/**/rs5.getShort("MAXIMUM_SCALE");
2022-12-26 20:50:10 jdbc[3]: 
/**/rs5.getBoolean("FIXED_PREC_SCALE");
2022-12-26 20:50:10 jdbc[3]: 
/**/rs5.getString("LITERAL_PREFIX");
2022-12-26 20:50:10 jdbc[3]: 
/**/rs5.getString("LITERAL_SUFFIX");
2022-12-26 20:50:10 jdbc[3]: 
/**/rs5.getBoolean("CASE_SENSITIVE");
2022-12-26 20:50:10 jdbc[3]: 
/**/rs5.getShort("SEARCHABLE");
2022-12-26 20:50:10 jdbc[3]: 
/**/rs5.getShort("NULLABLE");
2022-12-26 20:50:10 jdbc[3]: 
/**/rs5.next();
2022-12-26 20:50:10 jdbc[3]: 
/**/rs5.getString("TYPE_NAME");
2022-12-26 20:50:10 jdbc[3]: 
/**/rs5.getInt("DATA_TYPE");
2022-12-26 20:50:10 jdbc[3]: 
/**/rs5.getString("CREATE_PARAMS");
2022-12-26 20:50:10 jdbc[3]: 
/**/rs5.getBoolean("UNSIGNED_ATTRIBUTE");
2022-12-26 20:50:10 jdbc[3]: 
/**/rs5.getInt("PRECISION");
2022-12-26 20:50:10 jdbc[3]: 
/**/rs5.getShort("MINIMUM_SCALE");
2022-12-26 20:50:10 jdbc[3]: 
/**/rs5.getShort("MAXIMUM_SCALE");
2022-12-26 20:50:10 jdbc[3]: 
/**/rs5.getBoolean("FIXED_PREC_SCALE");
2022-12-26 20:50:10 jdbc[3]: 
/**/rs5.getString("LITERAL_PREFIX");
2022-12-26 20:50:10 jdbc[3]: 
/**/rs5.getString("LITERAL_SUFFIX");
2022-12-26 20:50:10 jdbc[3]: 
/**/rs5.getBoolean("CASE_SENSITIVE");
2022-12-26 20:50:10 jdbc[3]: 
/**/rs5.getShort("SEARCHABLE");
2022-12-26 20:50:10 jdbc[3]: 
/**/rs5.getShort("NULLABLE");
2022-12-26 20:50:10 jdbc[3]: 
/**/rs5.next();
2022-12-26 20:50:10 jdbc[3]: 
/**/rs5.getString("TYPE_NAME");
2022-12-26 20:50:10 jdbc[3]: 
/**/rs5.getInt("DATA_TYPE");
2022-12-26 20:50:10 jdbc[3]: 
/**/rs5.getString("CREATE_PARAMS");
2022-12-26 20:50:10 jdbc[3]: 
/**/rs5.getBoolean("UNSIGNED_ATTRIBUTE");
2022-12-26 20:50:10 jdbc[3]: 
/**/rs5.getInt("PRECISION");
2022-12-26 20:50:10 jdbc[3]: 
/**/rs5.getShort("MINIMUM_SCALE");
2022-12-26 20:50:10 jdbc[3]: 
/**/rs5.getShort("MAXIMUM_SCALE");
2022-12-26 20:50:10 jdbc[3]: 
/**/rs5.getBoolean("FIXED_PREC_SCALE");
2022-12-26 20:50:10 jdbc[3]: 
/**/rs5.getString("LITERAL_PREFIX");
2022-12-26 20:50:10 jdbc[3]: 
/**/rs5.getString("LITERAL_SUFFIX");
2022-12-26 20:50:10 jdbc[3]: 
/**/rs5.getBoolean("CASE_SENSITIVE");
2022-12-26 20:50:10 jdbc[3]: 
/**/rs5.getShort("SEARCHABLE");
2022-12-26 20:50:10 jdbc[3]: 
/**/rs5.getShort("NULLABLE");
2022-12-26 20:50:10 jdbc[3]: 
/**/rs5.next();
2022-12-26 20:50:10 jdbc[3]: 
/**/rs5.getString("TYPE_NAME");
2022-12-26 20:50:10 jdbc[3]: 
/**/rs5.getInt("DATA_TYPE");
2022-12-26 20:50:10 jdbc[3]: 
/**/rs5.getString("CREATE_PARAMS");
2022-12-26 20:50:10 jdbc[3]: 
/**/rs5.getBoolean("UNSIGNED_ATTRIBUTE");
2022-12-26 20:50:10 jdbc[3]: 
/**/rs5.getInt("PRECISION");
2022-12-26 20:50:10 jdbc[3]: 
/**/rs5.getShort("MINIMUM_SCALE");
2022-12-26 20:50:10 jdbc[3]: 
/**/rs5.getShort("MAXIMUM_SCALE");
2022-12-26 20:50:10 jdbc[3]: 
/**/rs5.getBoolean("FIXED_PREC_SCALE");
2022-12-26 20:50:10 jdbc[3]: 
/**/rs5.getString("LITERAL_PREFIX");
2022-12-26 20:50:10 jdbc[3]: 
/**/rs5.getString("LITERAL_SUFFIX");
2022-12-26 20:50:10 jdbc[3]: 
/**/rs5.getBoolean("CASE_SENSITIVE");
2022-12-26 20:50:10 jdbc[3]: 
/**/rs5.getShort("SEARCHABLE");
2022-12-26 20:50:10 jdbc[3]: 
/**/rs5.getShort("NULLABLE");
2022-12-26 20:50:10 jdbc[3]: 
/**/rs5.next();
2022-12-26 20:50:10 jdbc[3]: 
/**/rs5.getString("TYPE_NAME");
2022-12-26 20:50:10 jdbc[3]: 
/**/rs5.getInt("DATA_TYPE");
2022-12-26 20:50:10 jdbc[3]: 
/**/rs5.getString("CREATE_PARAMS");
2022-12-26 20:50:10 jdbc[3]: 
/**/rs5.getBoolean("UNSIGNED_ATTRIBUTE");
2022-12-26 20:50:10 jdbc[3]: 
/**/rs5.getInt("PRECISION");
2022-12-26 20:50:10 jdbc[3]: 
/**/rs5.getShort("MINIMUM_SCALE");
2022-12-26 20:50:10 jdbc[3]: 
/**/rs5.getShort("MAXIMUM_SCALE");
2022-12-26 20:50:10 jdbc[3]: 
/**/rs5.getBoolean("FIXED_PREC_SCALE");
2022-12-26 20:50:10 jdbc[3]: 
/**/rs5.getString("LITERAL_PREFIX");
2022-12-26 20:50:10 jdbc[3]: 
/**/rs5.getString("LITERAL_SUFFIX");
2022-12-26 20:50:10 jdbc[3]: 
/**/rs5.getBoolean("CASE_SENSITIVE");
2022-12-26 20:50:10 jdbc[3]: 
/**/rs5.getShort("SEARCHABLE");
2022-12-26 20:50:10 jdbc[3]: 
/**/rs5.getShort("NULLABLE");
2022-12-26 20:50:10 jdbc[3]: 
/**/rs5.next();
2022-12-26 20:50:10 jdbc[3]: 
/**/rs5.getString("TYPE_NAME");
2022-12-26 20:50:10 jdbc[3]: 
/**/rs5.getInt("DATA_TYPE");
2022-12-26 20:50:10 jdbc[3]: 
/**/rs5.getString("CREATE_PARAMS");
2022-12-26 20:50:10 jdbc[3]: 
/**/rs5.getBoolean("UNSIGNED_ATTRIBUTE");
2022-12-26 20:50:10 jdbc[3]: 
/**/rs5.getInt("PRECISION");
2022-12-26 20:50:10 jdbc[3]: 
/**/rs5.getShort("MINIMUM_SCALE");
2022-12-26 20:50:10 jdbc[3]: 
/**/rs5.getShort("MAXIMUM_SCALE");
2022-12-26 20:50:10 jdbc[3]: 
/**/rs5.getBoolean("FIXED_PREC_SCALE");
2022-12-26 20:50:10 jdbc[3]: 
/**/rs5.getString("LITERAL_PREFIX");
2022-12-26 20:50:10 jdbc[3]: 
/**/rs5.getString("LITERAL_SUFFIX");
2022-12-26 20:50:10 jdbc[3]: 
/**/rs5.getBoolean("CASE_SENSITIVE");
2022-12-26 20:50:10 jdbc[3]: 
/**/rs5.getShort("SEARCHABLE");
2022-12-26 20:50:10 jdbc[3]: 
/**/rs5.getShort("NULLABLE");
2022-12-26 20:50:10 jdbc[3]: 
/**/rs5.next();
2022-12-26 20:50:10 jdbc[3]: 
/**/rs5.getString("TYPE_NAME");
2022-12-26 20:50:10 jdbc[3]: 
/**/rs5.getInt("DATA_TYPE");
2022-12-26 20:50:10 jdbc[3]: 
/**/rs5.getString("CREATE_PARAMS");
2022-12-26 20:50:10 jdbc[3]: 
/**/rs5.getBoolean("UNSIGNED_ATTRIBUTE");
2022-12-26 20:50:10 jdbc[3]: 
/**/rs5.getInt("PRECISION");
2022-12-26 20:50:10 jdbc[3]: 
/**/rs5.getShort("MINIMUM_SCALE");
2022-12-26 20:50:10 jdbc[3]: 
/**/rs5.getShort("MAXIMUM_SCALE");
2022-12-26 20:50:10 jdbc[3]: 
/**/rs5.getBoolean("FIXED_PREC_SCALE");
2022-12-26 20:50:10 jdbc[3]: 
/**/rs5.getString("LITERAL_PREFIX");
2022-12-26 20:50:10 jdbc[3]: 
/**/rs5.getString("LITERAL_SUFFIX");
2022-12-26 20:50:10 jdbc[3]: 
/**/rs5.getBoolean("CASE_SENSITIVE");
2022-12-26 20:50:10 jdbc[3]: 
/**/rs5.getShort("SEARCHABLE");
2022-12-26 20:50:10 jdbc[3]: 
/**/rs5.getShort("NULLABLE");
2022-12-26 20:50:10 jdbc[3]: 
/**/rs5.next();
2022-12-26 20:50:10 jdbc[3]: 
/**/rs5.getString("TYPE_NAME");
2022-12-26 20:50:10 jdbc[3]: 
/**/rs5.getInt("DATA_TYPE");
2022-12-26 20:50:10 jdbc[3]: 
/**/rs5.getString("CREATE_PARAMS");
2022-12-26 20:50:10 jdbc[3]: 
/**/rs5.getBoolean("UNSIGNED_ATTRIBUTE");
2022-12-26 20:50:10 jdbc[3]: 
/**/rs5.getInt("PRECISION");
2022-12-26 20:50:10 jdbc[3]: 
/**/rs5.getShort("MINIMUM_SCALE");
2022-12-26 20:50:10 jdbc[3]: 
/**/rs5.getShort("MAXIMUM_SCALE");
2022-12-26 20:50:10 jdbc[3]: 
/**/rs5.getBoolean("FIXED_PREC_SCALE");
2022-12-26 20:50:10 jdbc[3]: 
/**/rs5.getString("LITERAL_PREFIX");
2022-12-26 20:50:10 jdbc[3]: 
/**/rs5.getString("LITERAL_SUFFIX");
2022-12-26 20:50:10 jdbc[3]: 
/**/rs5.getBoolean("CASE_SENSITIVE");
2022-12-26 20:50:10 jdbc[3]: 
/**/rs5.getShort("SEARCHABLE");
2022-12-26 20:50:10 jdbc[3]: 
/**/rs5.getShort("NULLABLE");
2022-12-26 20:50:10 jdbc[3]: 
/**/rs5.next();
2022-12-26 20:50:10 jdbc[3]: 
/**/rs5.getString("TYPE_NAME");
2022-12-26 20:50:10 jdbc[3]: 
/**/rs5.getInt("DATA_TYPE");
2022-12-26 20:50:10 jdbc[3]: 
/**/rs5.getString("CREATE_PARAMS");
2022-12-26 20:50:10 jdbc[3]: 
/**/rs5.getBoolean("UNSIGNED_ATTRIBUTE");
2022-12-26 20:50:10 jdbc[3]: 
/**/rs5.getInt("PRECISION");
2022-12-26 20:50:10 jdbc[3]: 
/**/rs5.getShort("MINIMUM_SCALE");
2022-12-26 20:50:10 jdbc[3]: 
/**/rs5.getShort("MAXIMUM_SCALE");
2022-12-26 20:50:10 jdbc[3]: 
/**/rs5.getBoolean("FIXED_PREC_SCALE");
2022-12-26 20:50:10 jdbc[3]: 
/**/rs5.getString("LITERAL_PREFIX");
2022-12-26 20:50:10 jdbc[3]: 
/**/rs5.getString("LITERAL_SUFFIX");
2022-12-26 20:50:10 jdbc[3]: 
/**/rs5.getBoolean("CASE_SENSITIVE");
2022-12-26 20:50:10 jdbc[3]: 
/**/rs5.getShort("SEARCHABLE");
2022-12-26 20:50:10 jdbc[3]: 
/**/rs5.getShort("NULLABLE");
2022-12-26 20:50:10 jdbc[3]: 
/**/rs5.next();
2022-12-26 20:50:10 jdbc[3]: 
/**/rs5.getString("TYPE_NAME");
2022-12-26 20:50:10 jdbc[3]: 
/**/rs5.getInt("DATA_TYPE");
2022-12-26 20:50:10 jdbc[3]: 
/**/rs5.getString("CREATE_PARAMS");
2022-12-26 20:50:10 jdbc[3]: 
/**/rs5.getBoolean("UNSIGNED_ATTRIBUTE");
2022-12-26 20:50:10 jdbc[3]: 
/**/rs5.getInt("PRECISION");
2022-12-26 20:50:10 jdbc[3]: 
/**/rs5.getShort("MINIMUM_SCALE");
2022-12-26 20:50:10 jdbc[3]: 
/**/rs5.getShort("MAXIMUM_SCALE");
2022-12-26 20:50:10 jdbc[3]: 
/**/rs5.getBoolean("FIXED_PREC_SCALE");
2022-12-26 20:50:10 jdbc[3]: 
/**/rs5.getString("LITERAL_PREFIX");
2022-12-26 20:50:10 jdbc[3]: 
/**/rs5.getString("LITERAL_SUFFIX");
2022-12-26 20:50:10 jdbc[3]: 
/**/rs5.getBoolean("CASE_SENSITIVE");
2022-12-26 20:50:10 jdbc[3]: 
/**/rs5.getShort("SEARCHABLE");
2022-12-26 20:50:10 jdbc[3]: 
/**/rs5.getShort("NULLABLE");
2022-12-26 20:50:10 jdbc[3]: 
/**/rs5.next();
2022-12-26 20:50:10 jdbc[3]: 
/**/rs5.getString("TYPE_NAME");
2022-12-26 20:50:10 jdbc[3]: 
/**/rs5.getInt("DATA_TYPE");
2022-12-26 20:50:10 jdbc[3]: 
/**/rs5.getString("CREATE_PARAMS");
2022-12-26 20:50:10 jdbc[3]: 
/**/rs5.getBoolean("UNSIGNED_ATTRIBUTE");
2022-12-26 20:50:10 jdbc[3]: 
/**/rs5.getInt("PRECISION");
2022-12-26 20:50:10 jdbc[3]: 
/**/rs5.getShort("MINIMUM_SCALE");
2022-12-26 20:50:10 jdbc[3]: 
/**/rs5.getShort("MAXIMUM_SCALE");
2022-12-26 20:50:10 jdbc[3]: 
/**/rs5.getBoolean("FIXED_PREC_SCALE");
2022-12-26 20:50:10 jdbc[3]: 
/**/rs5.getString("LITERAL_PREFIX");
2022-12-26 20:50:10 jdbc[3]: 
/**/rs5.getString("LITERAL_SUFFIX");
2022-12-26 20:50:10 jdbc[3]: 
/**/rs5.getBoolean("CASE_SENSITIVE");
2022-12-26 20:50:10 jdbc[3]: 
/**/rs5.getShort("SEARCHABLE");
2022-12-26 20:50:10 jdbc[3]: 
/**/rs5.getShort("NULLABLE");
2022-12-26 20:50:10 jdbc[3]: 
/**/rs5.next();
2022-12-26 20:50:10 jdbc[3]: 
/**/rs5.getString("TYPE_NAME");
2022-12-26 20:50:10 jdbc[3]: 
/**/rs5.getInt("DATA_TYPE");
2022-12-26 20:50:10 jdbc[3]: 
/**/rs5.getString("CREATE_PARAMS");
2022-12-26 20:50:10 jdbc[3]: 
/**/rs5.getBoolean("UNSIGNED_ATTRIBUTE");
2022-12-26 20:50:10 jdbc[3]: 
/**/rs5.getInt("PRECISION");
2022-12-26 20:50:10 jdbc[3]: 
/**/rs5.getShort("MINIMUM_SCALE");
2022-12-26 20:50:10 jdbc[3]: 
/**/rs5.getShort("MAXIMUM_SCALE");
2022-12-26 20:50:10 jdbc[3]: 
/**/rs5.getBoolean("FIXED_PREC_SCALE");
2022-12-26 20:50:10 jdbc[3]: 
/**/rs5.getString("LITERAL_PREFIX");
2022-12-26 20:50:10 jdbc[3]: 
/**/rs5.getString("LITERAL_SUFFIX");
2022-12-26 20:50:10 jdbc[3]: 
/**/rs5.getBoolean("CASE_SENSITIVE");
2022-12-26 20:50:10 jdbc[3]: 
/**/rs5.getShort("SEARCHABLE");
2022-12-26 20:50:10 jdbc[3]: 
/**/rs5.getShort("NULLABLE");
2022-12-26 20:50:10 jdbc[3]: 
/**/rs5.next();
2022-12-26 20:50:10 jdbc[3]: 
/**/rs5.getString("TYPE_NAME");
2022-12-26 20:50:10 jdbc[3]: 
/**/rs5.getInt("DATA_TYPE");
2022-12-26 20:50:10 jdbc[3]: 
/**/rs5.getString("CREATE_PARAMS");
2022-12-26 20:50:10 jdbc[3]: 
/**/rs5.getBoolean("UNSIGNED_ATTRIBUTE");
2022-12-26 20:50:10 jdbc[3]: 
/**/rs5.getInt("PRECISION");
2022-12-26 20:50:10 jdbc[3]: 
/**/rs5.getShort("MINIMUM_SCALE");
2022-12-26 20:50:10 jdbc[3]: 
/**/rs5.getShort("MAXIMUM_SCALE");
2022-12-26 20:50:10 jdbc[3]: 
/**/rs5.getBoolean("FIXED_PREC_SCALE");
2022-12-26 20:50:10 jdbc[3]: 
/**/rs5.getString("LITERAL_PREFIX");
2022-12-26 20:50:10 jdbc[3]: 
/**/rs5.getString("LITERAL_SUFFIX");
2022-12-26 20:50:10 jdbc[3]: 
/**/rs5.getBoolean("CASE_SENSITIVE");
2022-12-26 20:50:10 jdbc[3]: 
/**/rs5.getShort("SEARCHABLE");
2022-12-26 20:50:10 jdbc[3]: 
/**/rs5.getShort("NULLABLE");
2022-12-26 20:50:10 jdbc[3]: 
/**/rs5.next();
2022-12-26 20:50:10 jdbc[3]: 
/**/rs5.getString("TYPE_NAME");
2022-12-26 20:50:10 jdbc[3]: 
/**/rs5.getInt("DATA_TYPE");
2022-12-26 20:50:10 jdbc[3]: 
/**/rs5.getString("CREATE_PARAMS");
2022-12-26 20:50:10 jdbc[3]: 
/**/rs5.getBoolean("UNSIGNED_ATTRIBUTE");
[...]
2022-12-26 20:50:12 jdbc[3]: 
/**/prep20.setTimestamp(2, Timestamp.valueOf("2022-12-26 20:50:12.545"));
2022-12-26 20:50:12 jdbc[3]: 
/**/prep20.setString(3, "Student-c0c07649-ff91-4db1-ab55-21c0b0040a3300007");
2022-12-26 20:50:12 jdbc[3]: 
/**/prep20.setDouble(4, 84.0d);
2022-12-26 20:50:12 jdbc[3]: 
/**/prep20.setString(5, "0525236457");
2022-12-26 20:50:12 jdbc[3]: 
/**/prep20.setNull(6, 12);
2022-12-26 20:50:12 jdbc[3]: 
/**/prep20.setInt(7, 640);
2022-12-26 20:50:12 jdbc[3]: 
/**/prep20.setLong(8, 8L);
2022-12-26 20:50:12 jdbc[3]: 
/**/prep20.executeUpdate();
2022-12-26 20:50:12 lock: 3 shared read lock requesting for STUDENT 
2022-12-26 20:50:12 lock: 3 shared read lock ok STUDENT 
2022-12-26 20:50:12 jdbc[3]: 
/*SQL l:143 #:1*/insert into student (birth_date, created_at, fullname, graduation_score, phone, profile_picture, sat_score, id) values (?, ?, ?, ?, ?, ?, ?, ?) {1: TIMESTAMP '1979-08-18 00:00:00', 2: TIMESTAMP '2022-12-26 20:50:12.545', 3: 'Student-c0c07649-ff91-4db1-ab55-21c0b0040a3300007', 4: 84.0, 5: '0525236457', 6: NULL, 7: 640, 8: 8};
2022-12-26 20:50:12 jdbc[3]: 
/**/prep20.getMaxRows();
2022-12-26 20:50:12 jdbc[3]: 
/**/prep20.getQueryTimeout();
2022-12-26 20:50:12 jdbc[3]: 
/**/prep20.close();
2022-12-26 20:50:12 jdbc[3]: 
/**/conn1.commit();
2022-12-26 20:50:12 lock: 3 shared read lock unlock STUDENT 
2022-12-26 20:50:12 jdbc[3]: 
/*SQL */COMMIT;
2022-12-26 20:50:12 jdbc[3]: 
/**/conn1.setAutoCommit(true);
2022-12-26 20:50:12 jdbc[3]: 
/**/conn1.commit();
2022-12-26 20:50:12 jdbc[3]: 
/*SQL */COMMIT;
2022-12-26 20:50:12 jdbc[3]: 
/**/conn1.getWarnings();
2022-12-26 20:50:12 jdbc[3]: 
/**/conn1.clearWarnings();
2022-12-26 20:50:12 jdbc[3]: 
/**/conn1.clearWarnings();
2022-12-26 20:50:12 jdbc[3]: 
/**/conn1.getAutoCommit();
2022-12-26 20:50:12 jdbc[3]: 
/**/conn1.setAutoCommit(false);
Hibernate: call next value for hibernate_sequence
2022-12-26 20:50:12 jdbc[3]: 
/**/PreparedStatement prep21 = conn1.prepareStatement("call next value for hibernate_sequence");
2022-12-26 20:50:12 jdbc[3]: 
/**/ResultSet rs25 = prep21.executeQuery();
2022-12-26 20:50:12 jdbc[3]: 
/*SQL #:1*/call next value for hibernate_sequence;
2022-12-26 20:50:12 jdbc[3]: 
/**/rs25.next();
2022-12-26 20:50:12 jdbc[3]: 
/**/rs25.getLong(1);
2022-12-26 20:50:12 jdbc[3]: 
/**/rs25.wasNull();
2022-12-26 20:50:12 jdbc[3]: 
/**/rs25.close();
2022-12-26 20:50:12 jdbc[3]: 
/**/prep21.getMaxRows();
2022-12-26 20:50:12 jdbc[3]: 
/**/prep21.getQueryTimeout();
2022-12-26 20:50:12 jdbc[3]: 
/**/prep21.close();
Hibernate: insert into student (birth_date, created_at, fullname, graduation_score, phone, profile_picture, sat_score, id) values (?, ?, ?, ?, ?, ?, ?, ?)
2022-12-26 20:50:12 jdbc[3]: 
/**/PreparedStatement prep22 = conn1.prepareStatement("insert into student (birth_date, created_at, fullname, graduation_score, phone, profile_picture, sat_score, id) values (?, ?, ?, ?, ?, ?, ?, ?)");
2022-12-26 20:50:12 jdbc[3]: 
/**/prep22.setTimestamp(1, Timestamp.valueOf("1979-08-18 00:00:00.0"));
2022-12-26 20:50:12 jdbc[3]: 
/**/prep22.setTimestamp(2, Timestamp.valueOf("2022-12-26 20:50:12.55"));
2022-12-26 20:50:12 jdbc[3]: 
/**/prep22.setString(3, "Student-c0c07649-ff91-4db1-ab55-21c0b0040a3300008");
2022-12-26 20:50:12 jdbc[3]: 
/**/prep22.setDouble(4, 86.0d);
2022-12-26 20:50:12 jdbc[3]: 
/**/prep22.setString(5, "");
2022-12-26 20:50:12 jdbc[3]: 
/**/prep22.setNull(6, 12);
2022-12-26 20:50:12 jdbc[3]: 
/**/prep22.setInt(7, 660);
2022-12-26 20:50:12 jdbc[3]: 
/**/prep22.setLong(8, 9L);
2022-12-26 20:50:12 jdbc[3]: 
/**/prep22.executeUpdate();
2022-12-26 20:50:12 lock: 3 shared read lock requesting for STUDENT 
2022-12-26 20:50:12 lock: 3 shared read lock ok STUDENT 
2022-12-26 20:50:12 jdbc[3]: 
/*SQL l:143 #:1*/insert into student (birth_date, created_at, fullname, graduation_score, phone, profile_picture, sat_score, id) values (?, ?, ?, ?, ?, ?, ?, ?) {1: TIMESTAMP '1979-08-18 00:00:00', 2: TIMESTAMP '2022-12-26 20:50:12.55', 3: 'Student-c0c07649-ff91-4db1-ab55-21c0b0040a3300008', 4: 86.0, 5: '', 6: NULL, 7: 660, 8: 9};
2022-12-26 20:50:12 jdbc[3]: 
/**/prep22.getMaxRows();
2022-12-26 20:50:12 jdbc[3]: 
/**/prep22.getQueryTimeout();
2022-12-26 20:50:12 jdbc[3]: 
/**/prep22.close();
2022-12-26 20:50:12 jdbc[3]: 
/**/conn1.commit();
2022-12-26 20:50:12 lock: 3 shared read lock unlock STUDENT 
2022-12-26 20:50:12 jdbc[3]: 
/*SQL */COMMIT;
2022-12-26 20:50:12 jdbc[3]: 
/**/conn1.setAutoCommit(true);
2022-12-26 20:50:12 jdbc[3]: 
/**/conn1.commit();
2022-12-26 20:50:12 jdbc[3]: 
/*SQL */COMMIT;
2022-12-26 20:50:12 jdbc[3]: 
/**/conn1.getWarnings();
2022-12-26 20:50:12 jdbc[3]: 
/**/conn1.clearWarnings();
2022-12-26 20:50:12 jdbc[3]: 
/**/conn1.clearWarnings();
2022-12-26 20:50:12 jdbc[3]: 
/**/conn1.getAutoCommit();
2022-12-26 20:50:12 jdbc[3]: 
/**/conn1.setAutoCommit(false);
Hibernate: call next value for hibernate_sequence
2022-12-26 20:50:12 jdbc[3]: 
/**/PreparedStatement prep23 = conn1.prepareStatement("call next value for hibernate_sequence");
2022-12-26 20:50:12 jdbc[3]: 
/**/ResultSet rs26 = prep23.executeQuery();
2022-12-26 20:50:12 jdbc[3]: 
/*SQL #:1*/call next value for hibernate_sequence;
2022-12-26 20:50:12 jdbc[3]: 
/**/rs26.next();
2022-12-26 20:50:12 jdbc[3]: 
/**/rs26.getLong(1);
2022-12-26 20:50:12 jdbc[3]: 
/**/rs26.wasNull();
2022-12-26 20:50:12 jdbc[3]: 
/**/rs26.close();
2022-12-26 20:50:12 jdbc[3]: 
/**/prep23.getMaxRows();
2022-12-26 20:50:12 jdbc[3]: 
/**/prep23.getQueryTimeout();
2022-12-26 20:50:12 jdbc[3]: 
/**/prep23.close();
Hibernate: insert into student (birth_date, created_at, fullname, graduation_score, phone, profile_picture, sat_score, id) values (?, ?, ?, ?, ?, ?, ?, ?)
2022-12-26 20:50:12 jdbc[3]: 
/**/PreparedStatement prep24 = conn1.prepareStatement("insert into student (birth_date, created_at, fullname, graduation_score, phone, profile_picture, sat_score, id) values (?, ?, ?, ?, ?, ?, ?, ?)");
2022-12-26 20:50:12 jdbc[3]: 
/**/prep24.setTimestamp(1, Timestamp.valueOf("1979-08-18 00:00:00.0"));
2022-12-26 20:50:12 jdbc[3]: 
/**/prep24.setTimestamp(2, Timestamp.valueOf("2022-12-26 20:50:12.554"));
2022-12-26 20:50:12 jdbc[3]: 
/**/prep24.setString(3, "Student-c0c07649-ff91-4db1-ab55-21c0b0040a3300009");
2022-12-26 20:50:12 jdbc[3]: 
/**/prep24.setDouble(4, 88.0d);
2022-12-26 20:50:12 jdbc[3]: 
/**/prep24.setString(5, "0525236459");
2022-12-26 20:50:12 jdbc[3]: 
/**/prep24.setNull(6, 12);
2022-12-26 20:50:12 jdbc[3]: 
/**/prep24.setInt(7, 680);
2022-12-26 20:50:12 jdbc[3]: 
/**/prep24.setLong(8, 10L);
2022-12-26 20:50:12 jdbc[3]: 
/**/prep24.executeUpdate();
2022-12-26 20:50:12 lock: 3 shared read lock requesting for STUDENT 
2022-12-26 20:50:12 lock: 3 shared read lock ok STUDENT 
2022-12-26 20:50:12 jdbc[3]: 
/*SQL l:143 #:1*/insert into student (birth_date, created_at, fullname, graduation_score, phone, profile_picture, sat_score, id) values (?, ?, ?, ?, ?, ?, ?, ?) {1: TIMESTAMP '1979-08-18 00:00:00', 2: TIMESTAMP '2022-12-26 20:50:12.554', 3: 'Student-c0c07649-ff91-4db1-ab55-21c0b0040a3300009', 4: 88.0, 5: '0525236459', 6: NULL, 7: 680, 8: 10};
2022-12-26 20:50:12 jdbc[3]: 
/**/prep24.getMaxRows();
2022-12-26 20:50:12 jdbc[3]: 
/**/prep24.getQueryTimeout();
2022-12-26 20:50:12 jdbc[3]: 
/**/prep24.close();
2022-12-26 20:50:12 jdbc[3]: 
/**/conn1.commit();
2022-12-26 20:50:12 lock: 3 shared read lock unlock STUDENT 
2022-12-26 20:50:12 jdbc[3]: 
/*SQL */COMMIT;
2022-12-26 20:50:12 jdbc[3]: 
/**/conn1.setAutoCommit(true);
2022-12-26 20:50:12 jdbc[3]: 
/**/conn1.commit();
2022-12-26 20:50:12 jdbc[3]: 
/*SQL */COMMIT;
2022-12-26 20:50:12 jdbc[3]: 
/**/conn1.getWarnings();
2022-12-26 20:50:12 jdbc[3]: 
/**/conn1.clearWarnings();
2022-12-26 20:50:12 jdbc[3]: 
/**/conn1.clearWarnings();
2022-12-26 20:50:12 jdbc[3]: 
/**/conn1.setReadOnly(true);
2022-12-26 20:50:12 jdbc[3]: 
/**/conn1.getAutoCommit();
2022-12-26 20:50:12 jdbc[3]: 
/**/conn1.setAutoCommit(false);
Hibernate: select student0_.id as id1_0_, student0_.birth_date as birth_da2_0_, student0_.created_at as created_3_0_, student0_.fullname as fullname4_0_, student0_.graduation_score as graduati5_0_, student0_.phone as phone6_0_, student0_.profile_picture as profile_7_0_, student0_.sat_score as sat_scor8_0_ from student student0_
2022-12-26 20:50:12 jdbc[3]: 
/**/PreparedStatement prep25 = conn1.prepareStatement("select student0_.id as id1_0_, student0_.birth_date as birth_da2_0_, student0_.created_at as created_3_0_, student0_.fullname as fullname4_0_, student0_.graduation_score as graduati5_0_, student0_.phone as phone6_0_, student0_.profile_picture as profile_7_0_, student0_.sat_score as sat_scor8_0_ from student student0_");
2022-12-26 20:50:12 jdbc[3]: Plan       : calculate cost for plan [STUDENT0_]
2022-12-26 20:50:12 jdbc[3]: Plan       :   for table filter STUDENT0_
2022-12-26 20:50:12 jdbc[3]: Table      :     potential plan item cost 10,300 index PUBLIC.STUDENT.tableScan
2022-12-26 20:50:12 jdbc[3]: Table      :     potential plan item cost 10,310 index PUBLIC.PRIMARY_KEY_B
2022-12-26 20:50:12 jdbc[3]: Plan       :   best plan item cost 10,300 index PUBLIC.STUDENT.tableScan
2022-12-26 20:50:12 jdbc[3]: Plan       : plan cost 10,301
2022-12-26 20:50:12 jdbc[3]: 
/**/ResultSet rs27 = prep25.executeQuery();
2022-12-26 20:50:12 jdbc[3]: 
/*SQL #:10 t:1*/select student0_.id as id1_0_, student0_.birth_date as birth_da2_0_, student0_.created_at as created_3_0_, student0_.fullname as fullname4_0_, student0_.graduation_score as graduati5_0_, student0_.phone as phone6_0_, student0_.profile_picture as profile_7_0_, student0_.sat_score as sat_scor8_0_ from student student0_;
2022-12-26 20:50:12 jdbc[3]: 
/**/rs27.next();
2022-12-26 20:50:12 jdbc[3]: 
/**/rs27.getLong("id1_0_");
2022-12-26 20:50:12 jdbc[3]: 
/**/rs27.wasNull();
2022-12-26 20:50:12 jdbc[3]: 
/**/rs27.getTimestamp("birth_da2_0_");
2022-12-26 20:50:12 jdbc[3]: 
/**/rs27.wasNull();
2022-12-26 20:50:12 jdbc[3]: 
/**/rs27.getTimestamp("created_3_0_");
2022-12-26 20:50:12 jdbc[3]: 
/**/rs27.wasNull();
2022-12-26 20:50:12 jdbc[3]: 
/**/rs27.getString("fullname4_0_");
2022-12-26 20:50:12 jdbc[3]: 
/**/rs27.wasNull();
2022-12-26 20:50:12 jdbc[3]: 
/**/rs27.getDouble("graduati5_0_");
2022-12-26 20:50:12 jdbc[3]: 
/**/rs27.wasNull();
2022-12-26 20:50:12 jdbc[3]: 
/**/rs27.getString("phone6_0_");
2022-12-26 20:50:12 jdbc[3]: 
/**/rs27.wasNull();
2022-12-26 20:50:12 jdbc[3]: 
/**/rs27.getString("profile_7_0_");
2022-12-26 20:50:12 jdbc[3]: 
/**/rs27.getInt("sat_scor8_0_");
2022-12-26 20:50:12 jdbc[3]: 
/**/rs27.wasNull();
2022-12-26 20:50:12 jdbc[3]: 
/**/rs27.next();
2022-12-26 20:50:12 jdbc[3]: 
/**/rs27.getLong("id1_0_");
2022-12-26 20:50:12 jdbc[3]: 
/**/rs27.wasNull();
2022-12-26 20:50:12 jdbc[3]: 
/**/rs27.getTimestamp("birth_da2_0_");
2022-12-26 20:50:12 jdbc[3]: 
/**/rs27.wasNull();
2022-12-26 20:50:12 jdbc[3]: 
/**/rs27.getTimestamp("created_3_0_");
2022-12-26 20:50:12 jdbc[3]: 
/**/rs27.wasNull();
2022-12-26 20:50:12 jdbc[3]: 
/**/rs27.getString("fullname4_0_");
2022-12-26 20:50:12 jdbc[3]: 
/**/rs27.wasNull();
2022-12-26 20:50:12 jdbc[3]: 
/**/rs27.getDouble("graduati5_0_");
2022-12-26 20:50:12 jdbc[3]: 
/**/rs27.wasNull();
2022-12-26 20:50:12 jdbc[3]: 
/**/rs27.getString("phone6_0_");
2022-12-26 20:50:12 jdbc[3]: 
/**/rs27.wasNull();
2022-12-26 20:50:12 jdbc[3]: 
/**/rs27.getString("profile_7_0_");
2022-12-26 20:50:12 jdbc[3]: 
/**/rs27.getInt("sat_scor8_0_");
2022-12-26 20:50:12 jdbc[3]: 
/**/rs27.wasNull();
2022-12-26 20:50:12 jdbc[3]: 
/**/rs27.next();
2022-12-26 20:50:12 jdbc[3]: 
/**/rs27.getLong("id1_0_");
2022-12-26 20:50:12 jdbc[3]: 
/**/rs27.wasNull();
2022-12-26 20:50:12 jdbc[3]: 
/**/rs27.getTimestamp("birth_da2_0_");
2022-12-26 20:50:12 jdbc[3]: 
/**/rs27.wasNull();
2022-12-26 20:50:12 jdbc[3]: 
/**/rs27.getTimestamp("created_3_0_");
2022-12-26 20:50:12 jdbc[3]: 
/**/rs27.wasNull();
2022-12-26 20:50:12 jdbc[3]: 
/**/rs27.getString("fullname4_0_");
2022-12-26 20:50:12 jdbc[3]: 
/**/rs27.wasNull();
2022-12-26 20:50:12 jdbc[3]: 
/**/rs27.getDouble("graduati5_0_");
2022-12-26 20:50:12 jdbc[3]: 
/**/rs27.wasNull();
2022-12-26 20:50:12 jdbc[3]: 
/**/rs27.getString("phone6_0_");
2022-12-26 20:50:12 jdbc[3]: 
/**/rs27.wasNull();
2022-12-26 20:50:12 jdbc[3]: 
/**/rs27.getString("profile_7_0_");
2022-12-26 20:50:12 jdbc[3]: 
/**/rs27.getInt("sat_scor8_0_");
2022-12-26 20:50:12 jdbc[3]: 
/**/rs27.wasNull();
2022-12-26 20:50:12 jdbc[3]: 
/**/rs27.next();
2022-12-26 20:50:12 jdbc[3]: 
/**/rs27.getLong("id1_0_");
2022-12-26 20:50:12 jdbc[3]: 
/**/rs27.wasNull();
2022-12-26 20:50:12 jdbc[3]: 
/**/rs27.getTimestamp("birth_da2_0_");
2022-12-26 20:50:12 jdbc[3]: 
/**/rs27.wasNull();
2022-12-26 20:50:12 jdbc[3]: 
/**/rs27.getTimestamp("created_3_0_");
2022-12-26 20:50:12 jdbc[3]: 
/**/rs27.wasNull();
2022-12-26 20:50:12 jdbc[3]: 
/**/rs27.getString("fullname4_0_");
2022-12-26 20:50:12 jdbc[3]: 
/**/rs27.wasNull();
2022-12-26 20:50:12 jdbc[3]: 
/**/rs27.getDouble("graduati5_0_");
2022-12-26 20:50:12 jdbc[3]: 
/**/rs27.wasNull();
2022-12-26 20:50:12 jdbc[3]: 
/**/rs27.getString("phone6_0_");
2022-12-26 20:50:12 jdbc[3]: 
/**/rs27.wasNull();
2022-12-26 20:50:12 jdbc[3]: 
/**/rs27.getString("profile_7_0_");
2022-12-26 20:50:12 jdbc[3]: 
/**/rs27.getInt("sat_scor8_0_");
2022-12-26 20:50:12 jdbc[3]: 
/**/rs27.wasNull();
2022-12-26 20:50:12 jdbc[3]: 
/**/rs27.next();
2022-12-26 20:50:12 jdbc[3]: 
/**/rs27.getLong("id1_0_");
2022-12-26 20:50:12 jdbc[3]: 
/**/rs27.wasNull();
2022-12-26 20:50:12 jdbc[3]: 
/**/rs27.getTimestamp("birth_da2_0_");
2022-12-26 20:50:12 jdbc[3]: 
/**/rs27.wasNull();
2022-12-26 20:50:12 jdbc[3]: 
/**/rs27.getTimestamp("created_3_0_");
2022-12-26 20:50:12 jdbc[3]: 
/**/rs27.wasNull();
2022-12-26 20:50:12 jdbc[3]: 
/**/rs27.getString("fullname4_0_");
2022-12-26 20:50:12 jdbc[3]: 
/**/rs27.wasNull();
2022-12-26 20:50:12 jdbc[3]: 
/**/rs27.getDouble("graduati5_0_");
2022-12-26 20:50:12 jdbc[3]: 
/**/rs27.wasNull();
2022-12-26 20:50:12 jdbc[3]: 
/**/rs27.getString("phone6_0_");
2022-12-26 20:50:12 jdbc[3]: 
/**/rs27.wasNull();
2022-12-26 20:50:12 jdbc[3]: 
/**/rs27.getString("profile_7_0_");
2022-12-26 20:50:12 jdbc[3]: 
/**/rs27.getInt("sat_scor8_0_");
2022-12-26 20:50:12 jdbc[3]: 
/**/rs27.wasNull();
2022-12-26 20:50:12 jdbc[3]: 
/**/rs27.next();
2022-12-26 20:50:12 jdbc[3]: 
/**/rs27.getLong("id1_0_");
2022-12-26 20:50:12 jdbc[3]: 
/**/rs27.wasNull();
2022-12-26 20:50:12 jdbc[3]: 
/**/rs27.getTimestamp("birth_da2_0_");
2022-12-26 20:50:12 jdbc[3]: 
/**/rs27.wasNull();
2022-12-26 20:50:12 jdbc[3]: 
/**/rs27.getTimestamp("created_3_0_");
2022-12-26 20:50:12 jdbc[3]: 
/**/rs27.wasNull();
2022-12-26 20:50:12 jdbc[3]: 
/**/rs27.getString("fullname4_0_");
2022-12-26 20:50:12 jdbc[3]: 
/**/rs27.wasNull();
2022-12-26 20:50:12 jdbc[3]: 
/**/rs27.getDouble("graduati5_0_");
2022-12-26 20:50:12 jdbc[3]: 
/**/rs27.wasNull();
2022-12-26 20:50:12 jdbc[3]: 
/**/rs27.getString("phone6_0_");
2022-12-26 20:50:12 jdbc[3]: 
/**/rs27.wasNull();
2022-12-26 20:50:12 jdbc[3]: 
/**/rs27.getString("profile_7_0_");
2022-12-26 20:50:12 jdbc[3]: 
/**/rs27.getInt("sat_scor8_0_");
2022-12-26 20:50:12 jdbc[3]: 
/**/rs27.wasNull();
2022-12-26 20:50:12 jdbc[3]: 
/**/rs27.next();
2022-12-26 20:50:12 jdbc[3]: 
/**/rs27.getLong("id1_0_");
2022-12-26 20:50:12 jdbc[3]: 
/**/rs27.wasNull();
2022-12-26 20:50:12 jdbc[3]: 
/**/rs27.getTimestamp("birth_da2_0_");
2022-12-26 20:50:12 jdbc[3]: 
/**/rs27.wasNull();
2022-12-26 20:50:12 jdbc[3]: 
/**/rs27.getTimestamp("created_3_0_");
2022-12-26 20:50:12 jdbc[3]: 
/**/rs27.wasNull();
2022-12-26 20:50:12 jdbc[3]: 
/**/rs27.getString("fullname4_0_");
2022-12-26 20:50:12 jdbc[3]: 
/**/rs27.wasNull();
2022-12-26 20:50:12 jdbc[3]: 
/**/rs27.getDouble("graduati5_0_");
2022-12-26 20:50:12 jdbc[3]: 
/**/rs27.wasNull();
2022-12-26 20:50:12 jdbc[3]: 
/**/rs27.getString("phone6_0_");
2022-12-26 20:50:12 jdbc[3]: 
/**/rs27.wasNull();
2022-12-26 20:50:12 jdbc[3]: 
/**/rs27.getString("profile_7_0_");
2022-12-26 20:50:12 jdbc[3]: 
/**/rs27.getInt("sat_scor8_0_");
2022-12-26 20:50:12 jdbc[3]: 
/**/rs27.wasNull();
2022-12-26 20:50:12 jdbc[3]: 
/**/rs27.next();
2022-12-26 20:50:12 jdbc[3]: 
/**/rs27.getLong("id1_0_");
2022-12-26 20:50:12 jdbc[3]: 
/**/rs27.wasNull();
2022-12-26 20:50:12 jdbc[3]: 
/**/rs27.getTimestamp("birth_da2_0_");
2022-12-26 20:50:12 jdbc[3]: 
/**/rs27.wasNull();
2022-12-26 20:50:12 jdbc[3]: 
/**/rs27.getTimestamp("created_3_0_");
2022-12-26 20:50:12 jdbc[3]: 
/**/rs27.wasNull();
2022-12-26 20:50:12 jdbc[3]: 
/**/rs27.getString("fullname4_0_");
2022-12-26 20:50:12 jdbc[3]: 
/**/rs27.wasNull();
2022-12-26 20:50:12 jdbc[3]: 
/**/rs27.getDouble("graduati5_0_");
2022-12-26 20:50:12 jdbc[3]: 
/**/rs27.wasNull();
2022-12-26 20:50:12 jdbc[3]: 
/**/rs27.getString("phone6_0_");
2022-12-26 20:50:12 jdbc[3]: 
/**/rs27.wasNull();
2022-12-26 20:50:12 jdbc[3]: 
/**/rs27.getString("profile_7_0_");
2022-12-26 20:50:12 jdbc[3]: 
/**/rs27.getInt("sat_scor8_0_");
2022-12-26 20:50:12 jdbc[3]: 
/**/rs27.wasNull();
2022-12-26 20:50:12 jdbc[3]: 
/**/rs27.next();
2022-12-26 20:50:12 jdbc[3]: 
/**/rs27.getLong("id1_0_");
2022-12-26 20:50:12 jdbc[3]: 
/**/rs27.wasNull();
2022-12-26 20:50:12 jdbc[3]: 
/**/rs27.getTimestamp("birth_da2_0_");
2022-12-26 20:50:12 jdbc[3]: 
/**/rs27.wasNull();
2022-12-26 20:50:12 jdbc[3]: 
/**/rs27.getTimestamp("created_3_0_");
2022-12-26 20:50:12 jdbc[3]: 
/**/rs27.wasNull();
2022-12-26 20:50:12 jdbc[3]: 
/**/rs27.getString("fullname4_0_");
2022-12-26 20:50:12 jdbc[3]: 
/**/rs27.wasNull();
2022-12-26 20:50:12 jdbc[3]: 
/**/rs27.getDouble("graduati5_0_");
2022-12-26 20:50:12 jdbc[3]: 
/**/rs27.wasNull();
2022-12-26 20:50:12 jdbc[3]: 
/**/rs27.getString("phone6_0_");
2022-12-26 20:50:12 jdbc[3]: 
/**/rs27.wasNull();
2022-12-26 20:50:12 jdbc[3]: 
/**/rs27.getString("profile_7_0_");
2022-12-26 20:50:12 jdbc[3]: 
/**/rs27.getInt("sat_scor8_0_");
2022-12-26 20:50:12 jdbc[3]: 
/**/rs27.wasNull();
2022-12-26 20:50:12 jdbc[3]: 
/**/rs27.next();
2022-12-26 20:50:12 jdbc[3]: 
/**/rs27.getLong("id1_0_");
2022-12-26 20:50:12 jdbc[3]: 
/**/rs27.wasNull();
2022-12-26 20:50:12 jdbc[3]: 
/**/rs27.getTimestamp("birth_da2_0_");
2022-12-26 20:50:12 jdbc[3]: 
/**/rs27.wasNull();
2022-12-26 20:50:12 jdbc[3]: 
/**/rs27.getTimestamp("created_3_0_");
2022-12-26 20:50:12 jdbc[3]: 
/**/rs27.wasNull();
2022-12-26 20:50:12 jdbc[3]: 
/**/rs27.getString("fullname4_0_");
2022-12-26 20:50:12 jdbc[3]: 
/**/rs27.wasNull();
2022-12-26 20:50:12 jdbc[3]: 
/**/rs27.getDouble("graduati5_0_");
2022-12-26 20:50:12 jdbc[3]: 
/**/rs27.wasNull();
2022-12-26 20:50:12 jdbc[3]: 
/**/rs27.getString("phone6_0_");
2022-12-26 20:50:12 jdbc[3]: 
/**/rs27.wasNull();
2022-12-26 20:50:12 jdbc[3]: 
/**/rs27.getString("profile_7_0_");
2022-12-26 20:50:12 jdbc[3]: 
/**/rs27.getInt("sat_scor8_0_");
2022-12-26 20:50:12 jdbc[3]: 
/**/rs27.wasNull();
2022-12-26 20:50:12 jdbc[3]: 
/**/rs27.next();
2022-12-26 20:50:12 jdbc[3]: 
/**/rs27.close();
2022-12-26 20:50:12 jdbc[3]: 
/**/prep25.getMaxRows();
2022-12-26 20:50:12 jdbc[3]: 
/**/prep25.getQueryTimeout();
2022-12-26 20:50:12 jdbc[3]: 
/**/prep25.close();
2022-12-26 20:50:12 jdbc[3]: 
/**/conn1.commit();
2022-12-26 20:50:12 jdbc[3]: 
/*SQL */COMMIT;
2022-12-26 20:50:12 jdbc[3]: 
/**/conn1.setAutoCommit(true);
2022-12-26 20:50:12 jdbc[3]: 
/**/conn1.commit();
2022-12-26 20:50:12 jdbc[3]: 
/*SQL */COMMIT;
2022-12-26 20:50:12 jdbc[3]: 
/**/conn1.setReadOnly(false);
2022-12-26 20:50:12 jdbc[3]: 
/**/conn1.getWarnings();
2022-12-26 20:50:12 jdbc[3]: 
/**/conn1.clearWarnings();
2022-12-26 20:50:12 jdbc[3]: 
/**/conn1.clearWarnings();
]]></system-out>
  </testcase>
  <testcase name="checkSatFromFilter" classname="com.handson.basic.StudentsControllerTest" time="0.189"/>
  <testcase name="checkSatToFilter" classname="com.handson.basic.StudentsControllerTest" time="0.07"/>
  <testcase name="get10Patients" classname="com.handson.basic.StudentsControllerTest" time="0.072"/>
  <testcase name="checkPictureUpload" classname="com.handson.basic.StudentsControllerTest" time="0.054"/>
</testsuite>